/home/mwsrgf/act-venv/lib64/python3.9/site-packages/torch/__init__.py:955: UserWarning: torch.set_default_tensor_type() is deprecated as of PyTorch 2.1, please use torch.set_default_dtype() and torch.set_default_device() as alternatives. (Triggered internally at ../torch/csrc/tensor/python_tensor.cpp:432.)
  _C._set_default_tensor_type(t)
Warning: no DISPLAY environment variable.
--No graphics will be displayed.
Blocking: []
Total number of jobs: 3
Total number of proccessors: 192
/home/mwsrgf/proj/ACT/experiments/Spiker/filtered/output/Spiker_Full_vhalf_vcutoff_blocked_fsl-10_5/42/target/synthetic_0.1_0.2_0.3_
Blocking: []
Total number of jobs: 1
Total number of proccessors: 192
MECHANISMS already loaded.
/home/mwsrgf/proj/ACT/experiments/Spiker/filtered/output/Spiker_Full_vhalf_vcutoff_blocked_fsl-10_5/42/target/synthetic_-0.1_
MECHANISMS already loaded.
Found 1 section(s) in this cell. Calculating the total surface area of the cell.
PassiveProperties(V_rest=-65.0, R_in=191.9980291996248, tau=2.575, Cm=1.2078552500011506, g_bar_leak=0.00046907000000044683, cell_area=1.1103645074847766e-05, leak_conductance_variable='gl_hh_seg', leak_reversal_variable='el_hh_seg')
RUNNING THE MODULE
LOADING TARGET TRACES
SIMULATING TRAINING DATA
Total number of jobs: 30
Total number of proccessors: 192
MECHANISMS already loaded.
/home/mwsrgf/proj/ACT/experiments/Spiker/filtered/output/Spiker_Full_vhalf_vcutoff_blocked_fsl-10_5/42/module_1/train
FILTERING DATA
Dropping 30 traces where: All values in the window (3100:4000) are saturated (above -65 mV).
Dropping 0 traces where: No spikes are in the voltage trace.
Dataset size after filtering: 0. Saving to /home/mwsrgf/proj/ACT/experiments/Spiker/filtered/output/Spiker_Full_vhalf_vcutoff_blocked_fsl-10_5/42/module_1/train/filtered_out.npy
TRAINING RANDOM FOREST REGRESSOR
Training Random Forest on Filtered Data
Traceback (most recent call last):
  File "/home/mwsrgf/proj/ACT/experiments/Spiker/filtered/Full_vhalf_vcutoff_blocked.py", line 294, in <module>
    run()
  File "/home/mwsrgf/proj/ACT/experiments/Spiker/filtered/Full_vhalf_vcutoff_blocked.py", line 127, in run
    predicted_g_data_file = mod1.run()
  File "/home/mwsrgf/proj/ACT/act/ACTModule.py", line 44, in run
    prediction = self.get_rf_prediction()
  File "/home/mwsrgf/proj/ACT/act/ACTModule.py", line 273, in get_rf_prediction
    features_train, columns_train = dp.extract_features(train_features=self.optim_params.get('train_features',None),V=V_train,I=I_train,threshold=threshold,num_spikes=first_n_spikes,dt=dt)
  File "/home/mwsrgf/proj/ACT/act/DataProcessor.py", line 64, in extract_features
    features, column_names = self.get_current_stats(I)
  File "/home/mwsrgf/proj/ACT/act/DataProcessor.py", line 270, in get_current_stats
    features = self.extract_i_traces_stats(I)
  File "/home/mwsrgf/proj/ACT/act/DataProcessor.py", line 280, in extract_i_traces_stats
    return np.stack(I_features)
  File "<__array_function__ internals>", line 180, in stack
  File "/home/mwsrgf/act-venv/lib64/python3.9/site-packages/numpy/core/shape_base.py", line 422, in stack
    raise ValueError('need at least one array to stack')
ValueError: need at least one array to stack
Start: Tue Oct 29 15:24:35 CDT 2024 
End:   Tue Oct 29 15:25:00 CDT 2024
Done running model at Tue Oct 29 15:25:00 CDT 2024
