/home/mwsrgf/act-venv/lib64/python3.9/site-packages/torch/__init__.py:955: UserWarning: torch.set_default_tensor_type() is deprecated as of PyTorch 2.1, please use torch.set_default_dtype() and torch.set_default_device() as alternatives. (Triggered internally at ../torch/csrc/tensor/python_tensor.cpp:432.)
  _C._set_default_tensor_type(t)
Warning: no DISPLAY environment variable.
--No graphics will be displayed.
Blocking: []
Total number of jobs: 3
Total number of proccessors: 192
MECHANISMS already loaded.
/home/mwsrgf/proj/ACT/experiments/BursterIzhikevich/not-filtered/output/BursterIzh_Original_sl-10/42/target/synthetic_0.1_0.3_0.5_
RUNNING THE MODULE
LOADING TARGET TRACES
SIMULATING TRAINING DATA
Total number of jobs: 300000
Total number of proccessors: 192
MECHANISMS already loaded.
/home/mwsrgf/proj/ACT/experiments/BursterIzhikevich/not-filtered/output/BursterIzh_Original_sl-10/42/module/train
TRAINING RANDOM FOREST REGRESSOR
Extracting features: ['I_mean', 'I_stdev', 'Num Spikes', 'Spike Time 1', 'Spike Time 2', 'Spike Time 3', 'Spike Time 4', 'Spike Time 5', 'Spike Time 6', 'Spike Time 7', 'Spike Time 8', 'Spike Time 9', 'Spike Time 10', 'Spike Time 11', 'Spike Time 12', 'Spike Time 13', 'Spike Time 14', 'Spike Time 15', 'Spike Time 16', 'Spike Time 17', 'Spike Time 18', 'Spike Time 19', 'Spike Time 20', 'Min Spike Height', 'Max Spike Height', 'Avg Spike Height', 'Std Spike Height', 'Trough Time 1', 'Trough Time 2', 'Trough Time 3', 'Trough Time 4', 'Trough Time 5', 'Trough Time 6', 'Trough Time 7', 'Trough Time 8', 'Trough Time 9', 'Trough Time 10', 'Trough Time 11', 'Trough Time 12', 'Trough Time 13', 'Trough Time 14', 'Trough Time 15', 'Trough Time 16', 'Trough Time 17', 'Trough Time 18', 'Trough Time 19', 'Trough Time 20', 'Min Trough Height', 'Max Trough Height', 'Avg Trough Height', 'Std Trough Height']
Evaluating random forest
MAE: 0.003376 (0.000007)
Saving rf mean/stdev scores to output/BursterIzh_Original_sl-10/42/module/results/saved_metrics.json
Predicted Conductances for each current injection intensity: 
[[3.12100000e-02 3.57844444e-02 2.85566667e-04 4.20310000e-03
  0.00000000e+00]
 [2.95400000e-02 2.77888889e-02 2.71166667e-04 3.34656667e-03
  2.55555556e-05]
 [2.98533333e-02 2.78728889e-02 2.92366667e-04 3.34730000e-03
  3.33333333e-06]]
SIMULATING PREDICTIONS
Total number of jobs: 9
Total number of proccessors: 192
MECHANISMS already loaded.
/home/mwsrgf/proj/ACT/experiments/BursterIzhikevich/not-filtered/output/BursterIzh_Original_sl-10/42/module/prediction_eval0
/home/mwsrgf/proj/ACT/experiments/BursterIzhikevich/not-filtered/output/BursterIzh_Original_sl-10/42/module/prediction_eval1
/home/mwsrgf/proj/ACT/experiments/BursterIzhikevich/not-filtered/output/BursterIzh_Original_sl-10/42/module/prediction_eval2
SELECTING BEST PREDICTION
Mean Feature MAE for each prediction: [0.23786029082796434, 0.08462346456345267, 0.22491861501370689]
FI curve MAE for each prediction: [0.0, 0.0, 0.0]
Mean voltage mae for each prediction: [2.940883417717044, 1.2379284758767302, 1.6078887263014527]
{'gbar_na3': 0.02953999999999987, 'gkdrbar_kdr': 0.027788888888888943, 'gbar_nap': 0.00027116666666666684, 'gmbar_im': 0.0033465666666666638, 'glbar_leak': 2.5555555555555557e-05}
Module runtime: 0:48:40.017022
{'gbar_na3': 0.02953999999999987, 'gkdrbar_kdr': 0.027788888888888943, 'gbar_nap': 0.00027116666666666684, 'gmbar_im': 0.0033465666666666638, 'glbar_leak': 2.5555555555555557e-05}
Interspike times (Target): [[1.00e+06 1.00e+06 1.00e+06 1.00e+06]
 [2.52e+01 1.00e+06 1.00e+06 1.00e+06]
 [1.95e+01 2.26e+01 1.00e+06 1.00e+06]]
Interspike times (Prediction): [[1.00e+06 1.00e+06 1.00e+06 1.00e+06]
 [2.68e+01 1.00e+06 1.00e+06 1.00e+06]
 [2.02e+01 2.45e+01 1.00e+06 1.00e+06]]
MAE for each I injection: [0.0, 0.399999999999995, 0.6500000000000057]
Mean interspike-interval MAE: 0.35000000000000026
Standard Deviation interspike-interval MAE: 0.26770630673681867
MAE of final g prediction: 0.00015119111111112593
Smallest MAE values (gbar_na3, gkdrbar_kdr, Summary Stats MAE): 
[[0.03166667 0.03144444 0.15330989]
 [0.03166667 0.03455556 0.15752345]
 [0.03166667 0.03766667 0.16450056]
 [0.03166667 0.03455556 0.17328413]
 [0.03166667 0.03766667 0.17587032]
 [0.03166667 0.03144444 0.17888474]]
Smallest MAE values (gbar_na3, gbar_nap, Summary Stats MAE): 
[[0.03166667 0.00041667 0.15330989]
 [0.03166667 0.00041667 0.15752345]
 [0.03166667 0.00041667 0.16450056]
 [0.03166667 0.00038333 0.17328413]
 [0.03166667 0.00038333 0.17587032]
 [0.03166667 0.00038333 0.17888474]]
Smallest MAE values (gbar_na3, gmbar_im, Summary Stats MAE): 
[[0.03166667 0.00495    0.15330989]
 [0.03166667 0.00495    0.15752345]
 [0.03166667 0.00495    0.16450056]
 [0.03166667 0.00495    0.17328413]
 [0.03166667 0.00495    0.17587032]
 [0.03166667 0.00458333 0.17888474]]
Smallest FI MAE values (gbar_na3, gkdrbar_kdr, FI MAE): 
[[0.045      0.047      0.        ]
 [0.02833333 0.04388889 0.        ]
 [0.02833333 0.04388889 0.        ]
 [0.02833333 0.04388889 0.        ]
 [0.02833333 0.04388889 0.        ]
 [0.02833333 0.04388889 0.        ]]
Smallest FI MAE values (gbar_na3, gbar_nap, FI MAE): 
[[0.045      0.00045    0.        ]
 [0.02833333 0.00025    0.        ]
 [0.02833333 0.00025    0.        ]
 [0.02833333 0.00028333 0.        ]
 [0.02833333 0.00028333 0.        ]
 [0.02833333 0.00031667 0.        ]]
Smallest FI MAE values (gbar_na3, gmbar_im, FI MAE): 
[[0.045      0.00495    0.        ]
 [0.02833333 0.00348333 0.        ]
 [0.02833333 0.00385    0.        ]
 [0.02833333 0.00385    0.        ]
 [0.02833333 0.00421667 0.        ]
 [0.02833333 0.00385    0.        ]]
Smallest MAE values (gbar_na3, gkdrbar_kdr, V MAE): 
[[0.02833333 0.02833333 1.43900468]
 [0.02833333 0.03144444 1.49960846]
 [0.03166667 0.03144444 1.52007275]
 [0.02833333 0.02522222 1.55793777]
 [0.03166667 0.03455556 1.56022067]
 [0.025      0.02211111 1.56353802]]
Smallest MAE values (gbar_na3, gbar_nap, V MAE): 
[[2.83333333e-02 2.83333333e-04 1.43900468e+00]
 [2.83333333e-02 2.83333333e-04 1.49960846e+00]
 [3.16666667e-02 2.83333333e-04 1.52007275e+00]
 [2.83333333e-02 2.83333333e-04 1.55793777e+00]
 [3.16666667e-02 2.83333333e-04 1.56022067e+00]
 [2.50000000e-02 2.50000000e-04 1.56353802e+00]]
Smallest MAE values (gbar_na3, gmbar_im, V MAE): 
[[0.02833333 0.00348333 1.43900468]
 [0.02833333 0.00348333 1.49960846]
 [0.03166667 0.00348333 1.52007275]
 [0.02833333 0.00348333 1.55793777]
 [0.03166667 0.00348333 1.56022067]
 [0.025      0.00311667 1.56353802]]
Blocking: []
Total number of jobs: 3
Total number of proccessors: 192
MECHANISMS already loaded.
/home/mwsrgf/proj/ACT/experiments/BursterIzhikevich/not-filtered/output/BursterIzh_Original_sl-10/43/target/synthetic_0.1_0.3_0.5_
RUNNING THE MODULE
LOADING TARGET TRACES
SIMULATING TRAINING DATA
Total number of jobs: 300000
Total number of proccessors: 192
MECHANISMS already loaded.
/home/mwsrgf/proj/ACT/experiments/BursterIzhikevich/not-filtered/output/BursterIzh_Original_sl-10/43/module/train
TRAINING RANDOM FOREST REGRESSOR
Extracting features: ['I_mean', 'I_stdev', 'Num Spikes', 'Spike Time 1', 'Spike Time 2', 'Spike Time 3', 'Spike Time 4', 'Spike Time 5', 'Spike Time 6', 'Spike Time 7', 'Spike Time 8', 'Spike Time 9', 'Spike Time 10', 'Spike Time 11', 'Spike Time 12', 'Spike Time 13', 'Spike Time 14', 'Spike Time 15', 'Spike Time 16', 'Spike Time 17', 'Spike Time 18', 'Spike Time 19', 'Spike Time 20', 'Min Spike Height', 'Max Spike Height', 'Avg Spike Height', 'Std Spike Height', 'Trough Time 1', 'Trough Time 2', 'Trough Time 3', 'Trough Time 4', 'Trough Time 5', 'Trough Time 6', 'Trough Time 7', 'Trough Time 8', 'Trough Time 9', 'Trough Time 10', 'Trough Time 11', 'Trough Time 12', 'Trough Time 13', 'Trough Time 14', 'Trough Time 15', 'Trough Time 16', 'Trough Time 17', 'Trough Time 18', 'Trough Time 19', 'Trough Time 20', 'Min Trough Height', 'Max Trough Height', 'Avg Trough Height', 'Std Trough Height']
Evaluating random forest
MAE: 0.003376 (0.000009)
Saving rf mean/stdev scores to output/BursterIzh_Original_sl-10/43/module/results/saved_metrics.json
Predicted Conductances for each current injection intensity: 
[[3.10633333e-02 3.50471111e-02 2.82900000e-04 4.18366667e-03
  0.00000000e+00]
 [2.92700000e-02 2.76457778e-02 2.70700000e-04 3.36966667e-03
  1.66666667e-05]
 [2.97566667e-02 2.80035556e-02 2.92300000e-04 3.36966667e-03
  4.44444444e-06]]
SIMULATING PREDICTIONS
Total number of jobs: 9
Total number of proccessors: 192
MECHANISMS already loaded.
/home/mwsrgf/proj/ACT/experiments/BursterIzhikevich/not-filtered/output/BursterIzh_Original_sl-10/43/module/prediction_eval0
/home/mwsrgf/proj/ACT/experiments/BursterIzhikevich/not-filtered/output/BursterIzh_Original_sl-10/43/module/prediction_eval1
/home/mwsrgf/proj/ACT/experiments/BursterIzhikevich/not-filtered/output/BursterIzh_Original_sl-10/43/module/prediction_eval2
SELECTING BEST PREDICTION
Mean Feature MAE for each prediction: [0.24076931755767217, 0.11943524582686944, 0.20877981275504087]
FI curve MAE for each prediction: [0.0, 0.0, 0.0]
Mean voltage mae for each prediction: [2.9574295296728326, 1.4628991166058596, 1.4727788837671252]
{'gbar_na3': 0.029269999999999824, 'gkdrbar_kdr': 0.027645777777777818, 'gbar_nap': 0.0002706999999999998, 'gmbar_im': 0.0033696666666666705, 'glbar_leak': 1.6666666666666667e-05}
Module runtime: 0:49:41.956020
{'gbar_na3': 0.029269999999999824, 'gkdrbar_kdr': 0.027645777777777818, 'gbar_nap': 0.0002706999999999998, 'gmbar_im': 0.0033696666666666705, 'glbar_leak': 1.6666666666666667e-05}
Interspike times (Target): [[1.00e+06 1.00e+06 1.00e+06 1.00e+06]
 [2.52e+01 1.00e+06 1.00e+06 1.00e+06]
 [1.95e+01 2.26e+01 1.00e+06 1.00e+06]]
Interspike times (Prediction): [[1.00e+06 1.00e+06 1.00e+06 1.00e+06]
 [2.62e+01 1.00e+06 1.00e+06 1.00e+06]
 [1.99e+01 2.42e+01 1.00e+06 1.00e+06]]
MAE for each I injection: [0.0, 0.24999999999999645, 0.5000000000000071]
Mean interspike-interval MAE: 0.25000000000000117
Standard Deviation interspike-interval MAE: 0.2041241452319344
MAE of final g prediction: 0.00024030444444447238
Smallest MAE values (gbar_na3, gkdrbar_kdr, Summary Stats MAE): 
[[0.03166667 0.03144444 0.15330989]
 [0.03166667 0.03455556 0.15752345]
 [0.03166667 0.03766667 0.16450056]
 [0.03166667 0.03455556 0.17328413]
 [0.03166667 0.03766667 0.17587032]
 [0.03166667 0.03144444 0.17888474]]
Smallest MAE values (gbar_na3, gbar_nap, Summary Stats MAE): 
[[0.03166667 0.00041667 0.15330989]
 [0.03166667 0.00041667 0.15752345]
 [0.03166667 0.00041667 0.16450056]
 [0.03166667 0.00038333 0.17328413]
 [0.03166667 0.00038333 0.17587032]
 [0.03166667 0.00038333 0.17888474]]
Smallest MAE values (gbar_na3, gmbar_im, Summary Stats MAE): 
[[0.03166667 0.00495    0.15330989]
 [0.03166667 0.00495    0.15752345]
 [0.03166667 0.00495    0.16450056]
 [0.03166667 0.00495    0.17328413]
 [0.03166667 0.00495    0.17587032]
 [0.03166667 0.00458333 0.17888474]]
Smallest FI MAE values (gbar_na3, gkdrbar_kdr, FI MAE): 
[[0.045      0.047      0.        ]
 [0.02833333 0.04388889 0.        ]
 [0.02833333 0.04388889 0.        ]
 [0.02833333 0.04388889 0.        ]
 [0.02833333 0.04388889 0.        ]
 [0.02833333 0.04388889 0.        ]]
Smallest FI MAE values (gbar_na3, gbar_nap, FI MAE): 
[[0.045      0.00045    0.        ]
 [0.02833333 0.00025    0.        ]
 [0.02833333 0.00025    0.        ]
 [0.02833333 0.00028333 0.        ]
 [0.02833333 0.00028333 0.        ]
 [0.02833333 0.00031667 0.        ]]
Smallest FI MAE values (gbar_na3, gmbar_im, FI MAE): 
[[0.045      0.00495    0.        ]
 [0.02833333 0.00348333 0.        ]
 [0.02833333 0.00385    0.        ]
 [0.02833333 0.00385    0.        ]
 [0.02833333 0.00421667 0.        ]
 [0.02833333 0.00385    0.        ]]
Smallest MAE values (gbar_na3, gkdrbar_kdr, V MAE): 
[[0.02833333 0.02833333 1.43900468]
 [0.02833333 0.03144444 1.49960846]
 [0.03166667 0.03144444 1.52007275]
 [0.02833333 0.02522222 1.55793777]
 [0.03166667 0.03455556 1.56022067]
 [0.025      0.02211111 1.56353802]]
Smallest MAE values (gbar_na3, gbar_nap, V MAE): 
[[2.83333333e-02 2.83333333e-04 1.43900468e+00]
 [2.83333333e-02 2.83333333e-04 1.49960846e+00]
 [3.16666667e-02 2.83333333e-04 1.52007275e+00]
 [2.83333333e-02 2.83333333e-04 1.55793777e+00]
 [3.16666667e-02 2.83333333e-04 1.56022067e+00]
 [2.50000000e-02 2.50000000e-04 1.56353802e+00]]
Smallest MAE values (gbar_na3, gmbar_im, V MAE): 
[[0.02833333 0.00348333 1.43900468]
 [0.02833333 0.00348333 1.49960846]
 [0.03166667 0.00348333 1.52007275]
 [0.02833333 0.00348333 1.55793777]
 [0.03166667 0.00348333 1.56022067]
 [0.025      0.00311667 1.56353802]]
Blocking: []
Total number of jobs: 3
Total number of proccessors: 192
MECHANISMS already loaded.
/home/mwsrgf/proj/ACT/experiments/BursterIzhikevich/not-filtered/output/BursterIzh_Original_sl-10/44/target/synthetic_0.1_0.3_0.5_
RUNNING THE MODULE
LOADING TARGET TRACES
SIMULATING TRAINING DATA
Total number of jobs: 300000
Total number of proccessors: 192
MECHANISMS already loaded.
/home/mwsrgf/proj/ACT/experiments/BursterIzhikevich/not-filtered/output/BursterIzh_Original_sl-10/44/module/train
TRAINING RANDOM FOREST REGRESSOR
Extracting features: ['I_mean', 'I_stdev', 'Num Spikes', 'Spike Time 1', 'Spike Time 2', 'Spike Time 3', 'Spike Time 4', 'Spike Time 5', 'Spike Time 6', 'Spike Time 7', 'Spike Time 8', 'Spike Time 9', 'Spike Time 10', 'Spike Time 11', 'Spike Time 12', 'Spike Time 13', 'Spike Time 14', 'Spike Time 15', 'Spike Time 16', 'Spike Time 17', 'Spike Time 18', 'Spike Time 19', 'Spike Time 20', 'Min Spike Height', 'Max Spike Height', 'Avg Spike Height', 'Std Spike Height', 'Trough Time 1', 'Trough Time 2', 'Trough Time 3', 'Trough Time 4', 'Trough Time 5', 'Trough Time 6', 'Trough Time 7', 'Trough Time 8', 'Trough Time 9', 'Trough Time 10', 'Trough Time 11', 'Trough Time 12', 'Trough Time 13', 'Trough Time 14', 'Trough Time 15', 'Trough Time 16', 'Trough Time 17', 'Trough Time 18', 'Trough Time 19', 'Trough Time 20', 'Min Trough Height', 'Max Trough Height', 'Avg Trough Height', 'Std Trough Height']
Evaluating random forest
MAE: 0.003376 (0.000009)
Saving rf mean/stdev scores to output/BursterIzh_Original_sl-10/44/module/results/saved_metrics.json
Predicted Conductances for each current injection intensity: 
[[3.11066667e-02 3.52866667e-02 2.81400000e-04 4.17083333e-03
  0.00000000e+00]
 [2.92666667e-02 2.75680000e-02 2.70233333e-04 3.37480000e-03
  1.61111111e-05]
 [2.99166667e-02 2.81280000e-02 2.96000000e-04 3.36710000e-03
  5.55555556e-06]]
SIMULATING PREDICTIONS
Total number of jobs: 9
Total number of proccessors: 192
MECHANISMS already loaded.
/home/mwsrgf/proj/ACT/act/ACTPlot.py:344: RuntimeWarning: More than 20 figures have been opened. Figures created through the pyplot interface (`matplotlib.pyplot.figure`) are retained until explicitly closed and may consume too much memory. (To control this warning, see the rcParam `figure.max_open_warning`). Consider using `matplotlib.pyplot.close()`.
  fig, ax = plt.subplots()
/home/mwsrgf/proj/ACT/experiments/BursterIzhikevich/not-filtered/output/BursterIzh_Original_sl-10/44/module/prediction_eval0
/home/mwsrgf/proj/ACT/experiments/BursterIzhikevich/not-filtered/output/BursterIzh_Original_sl-10/44/module/prediction_eval1
/home/mwsrgf/proj/ACT/experiments/BursterIzhikevich/not-filtered/output/BursterIzh_Original_sl-10/44/module/prediction_eval2
SELECTING BEST PREDICTION
Mean Feature MAE for each prediction: [0.24322973875656376, 0.11746106669701722, 0.21854436280792644]
FI curve MAE for each prediction: [0.0, 0.0, 0.0]
Mean voltage mae for each prediction: [2.947500540369667, 1.4964899973559456, 1.5507989722463946]
{'gbar_na3': 0.029266666666666493, 'gkdrbar_kdr': 0.027568000000000044, 'gbar_nap': 0.00027023333333333325, 'gmbar_im': 0.0033748000000000025, 'glbar_leak': 1.611111111111111e-05}
Module runtime: 0:54:05.015521
{'gbar_na3': 0.029266666666666493, 'gkdrbar_kdr': 0.027568000000000044, 'gbar_nap': 0.00027023333333333325, 'gmbar_im': 0.0033748000000000025, 'glbar_leak': 1.611111111111111e-05}
Interspike times (Target): [[1.00e+06 1.00e+06 1.00e+06 1.00e+06]
 [2.52e+01 1.00e+06 1.00e+06 1.00e+06]
 [1.95e+01 2.26e+01 1.00e+06 1.00e+06]]
Interspike times (Prediction): [[1.00e+06 1.00e+06 1.00e+06 1.00e+06]
 [2.62e+01 1.00e+06 1.00e+06 1.00e+06]
 [2.00e+01 2.41e+01 1.00e+06 1.00e+06]]
MAE for each I injection: [0.0, 0.24999999999999645, 0.5000000000000071]
Mean interspike-interval MAE: 0.25000000000000117
Standard Deviation interspike-interval MAE: 0.2041241452319344
MAE of final g prediction: 0.00025775777777780414
Smallest MAE values (gbar_na3, gkdrbar_kdr, Summary Stats MAE): 
[[0.03166667 0.03144444 0.15330989]
 [0.03166667 0.03455556 0.15752345]
 [0.03166667 0.03766667 0.16450056]
 [0.03166667 0.03455556 0.17328413]
 [0.03166667 0.03766667 0.17587032]
 [0.03166667 0.03144444 0.17888474]]
Smallest MAE values (gbar_na3, gbar_nap, Summary Stats MAE): 
[[0.03166667 0.00041667 0.15330989]
 [0.03166667 0.00041667 0.15752345]
 [0.03166667 0.00041667 0.16450056]
 [0.03166667 0.00038333 0.17328413]
 [0.03166667 0.00038333 0.17587032]
 [0.03166667 0.00038333 0.17888474]]
Smallest MAE values (gbar_na3, gmbar_im, Summary Stats MAE): 
[[0.03166667 0.00495    0.15330989]
 [0.03166667 0.00495    0.15752345]
 [0.03166667 0.00495    0.16450056]
 [0.03166667 0.00495    0.17328413]
 [0.03166667 0.00495    0.17587032]
 [0.03166667 0.00458333 0.17888474]]
Smallest FI MAE values (gbar_na3, gkdrbar_kdr, FI MAE): 
[[0.045      0.047      0.        ]
 [0.02833333 0.04388889 0.        ]
 [0.02833333 0.04388889 0.        ]
 [0.02833333 0.04388889 0.        ]
 [0.02833333 0.04388889 0.        ]
 [0.02833333 0.04388889 0.        ]]
Smallest FI MAE values (gbar_na3, gbar_nap, FI MAE): 
[[0.045      0.00045    0.        ]
 [0.02833333 0.00025    0.        ]
 [0.02833333 0.00025    0.        ]
 [0.02833333 0.00028333 0.        ]
 [0.02833333 0.00028333 0.        ]
 [0.02833333 0.00031667 0.        ]]
Smallest FI MAE values (gbar_na3, gmbar_im, FI MAE): 
[[0.045      0.00495    0.        ]
 [0.02833333 0.00348333 0.        ]
 [0.02833333 0.00385    0.        ]
 [0.02833333 0.00385    0.        ]
 [0.02833333 0.00421667 0.        ]
 [0.02833333 0.00385    0.        ]]
Smallest MAE values (gbar_na3, gkdrbar_kdr, V MAE): 
[[0.02833333 0.02833333 1.43900468]
 [0.02833333 0.03144444 1.49960846]
 [0.03166667 0.03144444 1.52007275]
 [0.02833333 0.02522222 1.55793777]
 [0.03166667 0.03455556 1.56022067]
 [0.025      0.02211111 1.56353802]]
Smallest MAE values (gbar_na3, gbar_nap, V MAE): 
[[2.83333333e-02 2.83333333e-04 1.43900468e+00]
 [2.83333333e-02 2.83333333e-04 1.49960846e+00]
 [3.16666667e-02 2.83333333e-04 1.52007275e+00]
 [2.83333333e-02 2.83333333e-04 1.55793777e+00]
 [3.16666667e-02 2.83333333e-04 1.56022067e+00]
 [2.50000000e-02 2.50000000e-04 1.56353802e+00]]
Smallest MAE values (gbar_na3, gmbar_im, V MAE): 
[[0.02833333 0.00348333 1.43900468]
 [0.02833333 0.00348333 1.49960846]
 [0.03166667 0.00348333 1.52007275]
 [0.02833333 0.00348333 1.55793777]
 [0.03166667 0.00348333 1.56022067]
 [0.025      0.00311667 1.56353802]]
Blocking: []
Total number of jobs: 3
Total number of proccessors: 192
MECHANISMS already loaded.
/home/mwsrgf/proj/ACT/experiments/BursterIzhikevich/not-filtered/output/BursterIzh_Original_sl-10/45/target/synthetic_0.1_0.3_0.5_
RUNNING THE MODULE
LOADING TARGET TRACES
SIMULATING TRAINING DATA
Total number of jobs: 300000
Total number of proccessors: 192
MECHANISMS already loaded.
/home/mwsrgf/proj/ACT/experiments/BursterIzhikevich/not-filtered/output/BursterIzh_Original_sl-10/45/module/train
TRAINING RANDOM FOREST REGRESSOR
Extracting features: ['I_mean', 'I_stdev', 'Num Spikes', 'Spike Time 1', 'Spike Time 2', 'Spike Time 3', 'Spike Time 4', 'Spike Time 5', 'Spike Time 6', 'Spike Time 7', 'Spike Time 8', 'Spike Time 9', 'Spike Time 10', 'Spike Time 11', 'Spike Time 12', 'Spike Time 13', 'Spike Time 14', 'Spike Time 15', 'Spike Time 16', 'Spike Time 17', 'Spike Time 18', 'Spike Time 19', 'Spike Time 20', 'Min Spike Height', 'Max Spike Height', 'Avg Spike Height', 'Std Spike Height', 'Trough Time 1', 'Trough Time 2', 'Trough Time 3', 'Trough Time 4', 'Trough Time 5', 'Trough Time 6', 'Trough Time 7', 'Trough Time 8', 'Trough Time 9', 'Trough Time 10', 'Trough Time 11', 'Trough Time 12', 'Trough Time 13', 'Trough Time 14', 'Trough Time 15', 'Trough Time 16', 'Trough Time 17', 'Trough Time 18', 'Trough Time 19', 'Trough Time 20', 'Min Trough Height', 'Max Trough Height', 'Avg Trough Height', 'Std Trough Height']
Evaluating random forest
MAE: 0.003376 (0.000007)
Saving rf mean/stdev scores to output/BursterIzh_Original_sl-10/45/module/results/saved_metrics.json
Predicted Conductances for each current injection intensity: 
[[3.11166667e-02 3.53613333e-02 2.81833333e-04 4.17633333e-03
  0.00000000e+00]
 [2.93933333e-02 2.76706667e-02 2.70466667e-04 3.36526667e-03
  2.00000000e-05]
 [2.99200000e-02 2.80035556e-02 2.95133333e-04 3.34986667e-03
  6.66666667e-06]]
SIMULATING PREDICTIONS
Total number of jobs: 9
Total number of proccessors: 192
MECHANISMS already loaded.
/home/mwsrgf/proj/ACT/experiments/BursterIzhikevich/not-filtered/output/BursterIzh_Original_sl-10/45/module/prediction_eval0
/home/mwsrgf/proj/ACT/experiments/BursterIzhikevich/not-filtered/output/BursterIzh_Original_sl-10/45/module/prediction_eval1
/home/mwsrgf/proj/ACT/experiments/BursterIzhikevich/not-filtered/output/BursterIzh_Original_sl-10/45/module/prediction_eval2
SELECTING BEST PREDICTION
Mean Feature MAE for each prediction: [0.24259855229831007, 0.09752244454121273, 0.21636794016108193]
FI curve MAE for each prediction: [0.0, 0.0, 0.0]
Mean voltage mae for each prediction: [2.938662084246952, 1.403813922160533, 1.5308814097046284]
{'gbar_na3': 0.029393333333333188, 'gkdrbar_kdr': 0.027670666666666746, 'gbar_nap': 0.00027046666666666655, 'gmbar_im': 0.0033652666666666646, 'glbar_leak': 2e-05}
Module runtime: 0:47:31.286958
{'gbar_na3': 0.029393333333333188, 'gkdrbar_kdr': 0.027670666666666746, 'gbar_nap': 0.00027046666666666655, 'gmbar_im': 0.0033652666666666646, 'glbar_leak': 2e-05}
Interspike times (Target): [[1.00e+06 1.00e+06 1.00e+06 1.00e+06]
 [2.52e+01 1.00e+06 1.00e+06 1.00e+06]
 [1.95e+01 2.26e+01 1.00e+06 1.00e+06]]
Interspike times (Prediction): [[1.00e+06 1.00e+06 1.00e+06 1.00e+06]
 [2.64e+01 1.00e+06 1.00e+06 1.00e+06]
 [2.00e+01 2.43e+01 1.00e+06 1.00e+06]]
MAE for each I injection: [0.0, 0.2999999999999936, 0.5500000000000043]
Mean interspike-interval MAE: 0.2833333333333326
Standard Deviation interspike-interval MAE: 0.22484562605386887
MAE of final g prediction: 0.00020916000000001264
Smallest MAE values (gbar_na3, gkdrbar_kdr, Summary Stats MAE): 
[[0.03166667 0.03144444 0.15330989]
 [0.03166667 0.03455556 0.15752345]
 [0.03166667 0.03766667 0.16450056]
 [0.03166667 0.03455556 0.17328413]
 [0.03166667 0.03766667 0.17587032]
 [0.03166667 0.03144444 0.17888474]]
Smallest MAE values (gbar_na3, gbar_nap, Summary Stats MAE): 
[[0.03166667 0.00041667 0.15330989]
 [0.03166667 0.00041667 0.15752345]
 [0.03166667 0.00041667 0.16450056]
 [0.03166667 0.00038333 0.17328413]
 [0.03166667 0.00038333 0.17587032]
 [0.03166667 0.00038333 0.17888474]]
Smallest MAE values (gbar_na3, gmbar_im, Summary Stats MAE): 
[[0.03166667 0.00495    0.15330989]
 [0.03166667 0.00495    0.15752345]
 [0.03166667 0.00495    0.16450056]
 [0.03166667 0.00495    0.17328413]
 [0.03166667 0.00495    0.17587032]
 [0.03166667 0.00458333 0.17888474]]
Smallest FI MAE values (gbar_na3, gkdrbar_kdr, FI MAE): 
[[0.045      0.047      0.        ]
 [0.02833333 0.04388889 0.        ]
 [0.02833333 0.04388889 0.        ]
 [0.02833333 0.04388889 0.        ]
 [0.02833333 0.04388889 0.        ]
 [0.02833333 0.04388889 0.        ]]
Smallest FI MAE values (gbar_na3, gbar_nap, FI MAE): 
[[0.045      0.00045    0.        ]
 [0.02833333 0.00025    0.        ]
 [0.02833333 0.00025    0.        ]
 [0.02833333 0.00028333 0.        ]
 [0.02833333 0.00028333 0.        ]
 [0.02833333 0.00031667 0.        ]]
Smallest FI MAE values (gbar_na3, gmbar_im, FI MAE): 
[[0.045      0.00495    0.        ]
 [0.02833333 0.00348333 0.        ]
 [0.02833333 0.00385    0.        ]
 [0.02833333 0.00385    0.        ]
 [0.02833333 0.00421667 0.        ]
 [0.02833333 0.00385    0.        ]]
Smallest MAE values (gbar_na3, gkdrbar_kdr, V MAE): 
[[0.02833333 0.02833333 1.43900468]
 [0.02833333 0.03144444 1.49960846]
 [0.03166667 0.03144444 1.52007275]
 [0.02833333 0.02522222 1.55793777]
 [0.03166667 0.03455556 1.56022067]
 [0.025      0.02211111 1.56353802]]
Smallest MAE values (gbar_na3, gbar_nap, V MAE): 
[[2.83333333e-02 2.83333333e-04 1.43900468e+00]
 [2.83333333e-02 2.83333333e-04 1.49960846e+00]
 [3.16666667e-02 2.83333333e-04 1.52007275e+00]
 [2.83333333e-02 2.83333333e-04 1.55793777e+00]
 [3.16666667e-02 2.83333333e-04 1.56022067e+00]
 [2.50000000e-02 2.50000000e-04 1.56353802e+00]]
Smallest MAE values (gbar_na3, gmbar_im, V MAE): 
[[0.02833333 0.00348333 1.43900468]
 [0.02833333 0.00348333 1.49960846]
 [0.03166667 0.00348333 1.52007275]
 [0.02833333 0.00348333 1.55793777]
 [0.03166667 0.00348333 1.56022067]
 [0.025      0.00311667 1.56353802]]
Blocking: []
Total number of jobs: 3
Total number of proccessors: 192
MECHANISMS already loaded.
/home/mwsrgf/proj/ACT/experiments/BursterIzhikevich/not-filtered/output/BursterIzh_Original_sl-10/46/target/synthetic_0.1_0.3_0.5_
RUNNING THE MODULE
LOADING TARGET TRACES
SIMULATING TRAINING DATA
Total number of jobs: 300000
Total number of proccessors: 192
MECHANISMS already loaded.
/home/mwsrgf/proj/ACT/experiments/BursterIzhikevich/not-filtered/output/BursterIzh_Original_sl-10/46/module/train
TRAINING RANDOM FOREST REGRESSOR
Extracting features: ['I_mean', 'I_stdev', 'Num Spikes', 'Spike Time 1', 'Spike Time 2', 'Spike Time 3', 'Spike Time 4', 'Spike Time 5', 'Spike Time 6', 'Spike Time 7', 'Spike Time 8', 'Spike Time 9', 'Spike Time 10', 'Spike Time 11', 'Spike Time 12', 'Spike Time 13', 'Spike Time 14', 'Spike Time 15', 'Spike Time 16', 'Spike Time 17', 'Spike Time 18', 'Spike Time 19', 'Spike Time 20', 'Min Spike Height', 'Max Spike Height', 'Avg Spike Height', 'Std Spike Height', 'Trough Time 1', 'Trough Time 2', 'Trough Time 3', 'Trough Time 4', 'Trough Time 5', 'Trough Time 6', 'Trough Time 7', 'Trough Time 8', 'Trough Time 9', 'Trough Time 10', 'Trough Time 11', 'Trough Time 12', 'Trough Time 13', 'Trough Time 14', 'Trough Time 15', 'Trough Time 16', 'Trough Time 17', 'Trough Time 18', 'Trough Time 19', 'Trough Time 20', 'Min Trough Height', 'Max Trough Height', 'Avg Trough Height', 'Std Trough Height']
Evaluating random forest
MAE: 0.003376 (0.000009)
Saving rf mean/stdev scores to output/BursterIzh_Original_sl-10/46/module/results/saved_metrics.json
Predicted Conductances for each current injection intensity: 
[[3.10933333e-02 3.52742222e-02 2.85333333e-04 4.20090000e-03
  0.00000000e+00]
 [2.93166667e-02 2.78511111e-02 2.72000000e-04 3.39240000e-03
  1.72222222e-05]
 [2.97533333e-02 2.77951111e-02 2.89133333e-04 3.32456667e-03
  4.44444444e-06]]
SIMULATING PREDICTIONS
Total number of jobs: 9
Total number of proccessors: 192
MECHANISMS already loaded.
/home/mwsrgf/proj/ACT/experiments/BursterIzhikevich/not-filtered/output/BursterIzh_Original_sl-10/46/module/prediction_eval0
/home/mwsrgf/proj/ACT/experiments/BursterIzhikevich/not-filtered/output/BursterIzh_Original_sl-10/46/module/prediction_eval1
/home/mwsrgf/proj/ACT/experiments/BursterIzhikevich/not-filtered/output/BursterIzh_Original_sl-10/46/module/prediction_eval2
SELECTING BEST PREDICTION
Mean Feature MAE for each prediction: [0.24236713464728857, 0.11580812327910846, 0.21668049395057642]
FI curve MAE for each prediction: [0.0, 0.0, 0.0]
Mean voltage mae for each prediction: [2.9571691662314827, 1.4742129126960493, 1.5359870133811846]
{'gbar_na3': 0.029316666666666488, 'gkdrbar_kdr': 0.02785111111111122, 'gbar_nap': 0.0002719999999999996, 'gmbar_im': 0.0033924, 'glbar_leak': 1.7222222222222224e-05}
Module runtime: 0:47:14.657044
{'gbar_na3': 0.029316666666666488, 'gkdrbar_kdr': 0.02785111111111122, 'gbar_nap': 0.0002719999999999996, 'gmbar_im': 0.0033924, 'glbar_leak': 1.7222222222222224e-05}
Interspike times (Target): [[1.00e+06 1.00e+06 1.00e+06 1.00e+06]
 [2.52e+01 1.00e+06 1.00e+06 1.00e+06]
 [1.95e+01 2.26e+01 1.00e+06 1.00e+06]]
Interspike times (Prediction): [[1.00e+06 1.00e+06 1.00e+06 1.00e+06]
 [2.62e+01 1.00e+06 1.00e+06 1.00e+06]
 [2.00e+01 2.42e+01 1.00e+06 1.00e+06]]
MAE for each I injection: [0.0, 0.24999999999999645, 0.5250000000000057]
Mean interspike-interval MAE: 0.258333333333334
Standard Deviation interspike-interval MAE: 0.21441133883781252
MAE of final g prediction: 0.00019408000000001424
Smallest MAE values (gbar_na3, gkdrbar_kdr, Summary Stats MAE): 
[[0.03166667 0.03144444 0.15330989]
 [0.03166667 0.03455556 0.15752345]
 [0.03166667 0.03766667 0.16450056]
 [0.03166667 0.03455556 0.17328413]
 [0.03166667 0.03766667 0.17587032]
 [0.03166667 0.03144444 0.17888474]]
Smallest MAE values (gbar_na3, gbar_nap, Summary Stats MAE): 
[[0.03166667 0.00041667 0.15330989]
 [0.03166667 0.00041667 0.15752345]
 [0.03166667 0.00041667 0.16450056]
 [0.03166667 0.00038333 0.17328413]
 [0.03166667 0.00038333 0.17587032]
 [0.03166667 0.00038333 0.17888474]]
Smallest MAE values (gbar_na3, gmbar_im, Summary Stats MAE): 
[[0.03166667 0.00495    0.15330989]
 [0.03166667 0.00495    0.15752345]
 [0.03166667 0.00495    0.16450056]
 [0.03166667 0.00495    0.17328413]
 [0.03166667 0.00495    0.17587032]
 [0.03166667 0.00458333 0.17888474]]
Smallest FI MAE values (gbar_na3, gkdrbar_kdr, FI MAE): 
[[0.045      0.047      0.        ]
 [0.02833333 0.04388889 0.        ]
 [0.02833333 0.04388889 0.        ]
 [0.02833333 0.04388889 0.        ]
 [0.02833333 0.04388889 0.        ]
 [0.02833333 0.04388889 0.        ]]
Smallest FI MAE values (gbar_na3, gbar_nap, FI MAE): 
[[0.045      0.00045    0.        ]
 [0.02833333 0.00025    0.        ]
 [0.02833333 0.00025    0.        ]
 [0.02833333 0.00028333 0.        ]
 [0.02833333 0.00028333 0.        ]
 [0.02833333 0.00031667 0.        ]]
Smallest FI MAE values (gbar_na3, gmbar_im, FI MAE): 
[[0.045      0.00495    0.        ]
 [0.02833333 0.00348333 0.        ]
 [0.02833333 0.00385    0.        ]
 [0.02833333 0.00385    0.        ]
 [0.02833333 0.00421667 0.        ]
 [0.02833333 0.00385    0.        ]]
Smallest MAE values (gbar_na3, gkdrbar_kdr, V MAE): 
[[0.02833333 0.02833333 1.43900468]
 [0.02833333 0.03144444 1.49960846]
 [0.03166667 0.03144444 1.52007275]
 [0.02833333 0.02522222 1.55793777]
 [0.03166667 0.03455556 1.56022067]
 [0.025      0.02211111 1.56353802]]
Smallest MAE values (gbar_na3, gbar_nap, V MAE): 
[[2.83333333e-02 2.83333333e-04 1.43900468e+00]
 [2.83333333e-02 2.83333333e-04 1.49960846e+00]
 [3.16666667e-02 2.83333333e-04 1.52007275e+00]
 [2.83333333e-02 2.83333333e-04 1.55793777e+00]
 [3.16666667e-02 2.83333333e-04 1.56022067e+00]
 [2.50000000e-02 2.50000000e-04 1.56353802e+00]]
Smallest MAE values (gbar_na3, gmbar_im, V MAE): 
[[0.02833333 0.00348333 1.43900468]
 [0.02833333 0.00348333 1.49960846]
 [0.03166667 0.00348333 1.52007275]
 [0.02833333 0.00348333 1.55793777]
 [0.03166667 0.00348333 1.56022067]
 [0.025      0.00311667 1.56353802]]
/home/mwsrgf/act-venv/lib64/python3.9/site-packages/torch/__init__.py:955: UserWarning: torch.set_default_tensor_type() is deprecated as of PyTorch 2.1, please use torch.set_default_dtype() and torch.set_default_device() as alternatives. (Triggered internally at ../torch/csrc/tensor/python_tensor.cpp:432.)
  _C._set_default_tensor_type(t)
Warning: no DISPLAY environment variable.
--No graphics will be displayed.
Blocking: []
Total number of jobs: 3
Total number of proccessors: 192
/home/mwsrgf/proj/ACT/experiments/BursterIzhikevich/not-filtered/output/BursterIzh_Original_passmod_sl-10/42/target/synthetic_0.1_0.3_0.5_
Blocking: []
Total number of jobs: 1
Total number of proccessors: 192
MECHANISMS already loaded.
/home/mwsrgf/proj/ACT/experiments/BursterIzhikevich/not-filtered/output/BursterIzh_Original_passmod_sl-10/42/target/synthetic_-1_
MECHANISMS already loaded.
Found 1 section(s) in this cell. Calculating the total surface area of the cell.
PassiveProperties(V_rest=-73.13651954425167, R_in=312.05761345489105, tau=73.173, Cm=2.586815449244476, g_bar_leak=3.535204855950249e-05, cell_area=9.064641486925113e-05, leak_conductance_variable='glbar_leak', leak_reversal_variable='el_leak')
RUNNING THE MODULE
LOADING TARGET TRACES
SIMULATING TRAINING DATA
Total number of jobs: 30000
Total number of proccessors: 192
MECHANISMS already loaded.
/home/mwsrgf/proj/ACT/experiments/BursterIzhikevich/not-filtered/output/BursterIzh_Original_passmod_sl-10/42/module/train
TRAINING RANDOM FOREST REGRESSOR
Extracting features: ['I_mean', 'I_stdev', 'Num Spikes', 'Spike Time 1', 'Spike Time 2', 'Spike Time 3', 'Spike Time 4', 'Spike Time 5', 'Spike Time 6', 'Spike Time 7', 'Spike Time 8', 'Spike Time 9', 'Spike Time 10', 'Spike Time 11', 'Spike Time 12', 'Spike Time 13', 'Spike Time 14', 'Spike Time 15', 'Spike Time 16', 'Spike Time 17', 'Spike Time 18', 'Spike Time 19', 'Spike Time 20', 'Min Spike Height', 'Max Spike Height', 'Avg Spike Height', 'Std Spike Height', 'Trough Time 1', 'Trough Time 2', 'Trough Time 3', 'Trough Time 4', 'Trough Time 5', 'Trough Time 6', 'Trough Time 7', 'Trough Time 8', 'Trough Time 9', 'Trough Time 10', 'Trough Time 11', 'Trough Time 12', 'Trough Time 13', 'Trough Time 14', 'Trough Time 15', 'Trough Time 16', 'Trough Time 17', 'Trough Time 18', 'Trough Time 19', 'Trough Time 20', 'Min Trough Height', 'Max Trough Height', 'Avg Trough Height', 'Std Trough Height']
Evaluating random forest
MAE: 0.001051 (0.000022)
Saving rf mean/stdev scores to output/BursterIzh_Original_passmod_sl-10/42/module/results/saved_metrics.json
Predicted Conductances for each current injection intensity: 
[[3.04200000e-02 2.98017778e-02 2.96933333e-04 3.02536667e-03
  3.53520486e-05]
 [3.01333333e-02 2.72226667e-02 2.60833333e-04 3.20833333e-03
  3.53520486e-05]
 [3.17633333e-02 2.95560000e-02 3.53100000e-04 3.46866667e-03
  3.53520486e-05]]
SIMULATING PREDICTIONS
Total number of jobs: 9
Total number of proccessors: 192
MECHANISMS already loaded.
/home/mwsrgf/proj/ACT/experiments/BursterIzhikevich/not-filtered/output/BursterIzh_Original_passmod_sl-10/42/module/prediction_eval0
/home/mwsrgf/proj/ACT/experiments/BursterIzhikevich/not-filtered/output/BursterIzh_Original_passmod_sl-10/42/module/prediction_eval1
/home/mwsrgf/proj/ACT/experiments/BursterIzhikevich/not-filtered/output/BursterIzh_Original_passmod_sl-10/42/module/prediction_eval2
SELECTING BEST PREDICTION
Mean Feature MAE for each prediction: [26139.34613888276, 32678.002685300136, 13069.770060480989]
FI curve MAE for each prediction: [2.2222222222222223, 1.1111111111111112, 1.111111111111111]
Mean voltage mae for each prediction: [1.4249771102588416, 2.6252622928315748, 1.9224910607511199]
{'gbar_na3': 0.03176333333333303, 'gkdrbar_kdr': 0.02955600000000031, 'gbar_nap': 0.00035310000000000435, 'gmbar_im': 0.0034686666666666655, 'glbar_leak': 3.5352048559502146e-05}
Module runtime: 0:12:23.003346
{'gbar_na3': 0.03176333333333303, 'gkdrbar_kdr': 0.02955600000000031, 'gbar_nap': 0.00035310000000000435, 'gmbar_im': 0.0034686666666666655, 'glbar_leak': 3.5352048559502146e-05}
Interspike times (Target): [[1.00e+06 1.00e+06 1.00e+06 1.00e+06]
 [2.52e+01 1.00e+06 1.00e+06 1.00e+06]
 [1.95e+01 2.26e+01 1.00e+06 1.00e+06]]
Interspike times (Prediction): [[1.00e+06 1.00e+06 1.00e+06 1.00e+06]
 [2.34e+01 4.09e+01 1.00e+06 1.00e+06]
 [1.89e+01 2.08e+01 1.00e+06 1.00e+06]]
MAE for each I injection: [0.0, 249990.225, 0.5999999999999979]
Mean interspike-interval MAE: 83330.27500000001
Standard Deviation interspike-interval MAE: 117846.38079746552
MAE of final g prediction: 0.0007082904097119033
Smallest MAE values (gbar_na3, gkdrbar_kdr, Summary Stats MAE): 
[[0.03166667 0.02522222 0.13083209]
 [0.03166667 0.03144444 0.13397843]
 [0.03166667 0.02522222 0.14105329]
 [0.03166667 0.02833333 0.1604302 ]
 [0.03166667 0.03455556 0.16364868]
 [0.035      0.02833333 0.16399329]]
Smallest MAE values (gbar_na3, gbar_nap, Summary Stats MAE): 
[[0.03166667 0.00025    0.13083209]
 [0.03166667 0.00038333 0.13397843]
 [0.03166667 0.00035    0.14105329]
 [0.03166667 0.00038333 0.1604302 ]
 [0.03166667 0.00038333 0.16364868]
 [0.035      0.00035    0.16399329]]
Smallest MAE values (gbar_na3, gmbar_im, Summary Stats MAE): 
[[0.03166667 0.00275    0.13083209]
 [0.03166667 0.00385    0.13397843]
 [0.03166667 0.00348333 0.14105329]
 [0.03166667 0.00385    0.1604302 ]
 [0.03166667 0.00385    0.16364868]
 [0.035      0.00348333 0.16399329]]
Smallest FI MAE values (gbar_na3, gkdrbar_kdr, FI MAE): 
[[0.03833333 0.02522222 0.        ]
 [0.04166667 0.03455556 0.        ]
 [0.035      0.03766667 0.        ]
 [0.035      0.03766667 0.        ]
 [0.035      0.03766667 0.        ]
 [0.035      0.03766667 0.        ]]
Smallest FI MAE values (gbar_na3, gbar_nap, FI MAE): 
[[0.03833333 0.00038333 0.        ]
 [0.04166667 0.00045    0.        ]
 [0.035      0.00045    0.        ]
 [0.035      0.00041667 0.        ]
 [0.035      0.00038333 0.        ]
 [0.035      0.00038333 0.        ]]
Smallest FI MAE values (gbar_na3, gmbar_im, FI MAE): 
[[0.03833333 0.00421667 0.        ]
 [0.04166667 0.00458333 0.        ]
 [0.035      0.00458333 0.        ]
 [0.035      0.00421667 0.        ]
 [0.035      0.00421667 0.        ]
 [0.035      0.00385    0.        ]]
Smallest MAE values (gbar_na3, gkdrbar_kdr, V MAE): 
[[0.035      0.02833333 1.09020212]
 [0.03833333 0.03455556 1.12686473]
 [0.04166667 0.03455556 1.14228146]
 [0.04166667 0.03144444 1.14294481]
 [0.03833333 0.03144444 1.15543084]
 [0.04166667 0.03766667 1.16541175]]
Smallest MAE values (gbar_na3, gbar_nap, V MAE): 
[[3.50000000e-02 3.50000000e-04 1.09020212e+00]
 [3.83333333e-02 3.50000000e-04 1.12686473e+00]
 [4.16666667e-02 3.50000000e-04 1.14228146e+00]
 [4.16666667e-02 3.50000000e-04 1.14294481e+00]
 [3.83333333e-02 3.50000000e-04 1.15543084e+00]
 [4.16666667e-02 3.50000000e-04 1.16541175e+00]]
Smallest MAE values (gbar_na3, gmbar_im, V MAE): 
[[0.035      0.00348333 1.09020212]
 [0.03833333 0.00348333 1.12686473]
 [0.04166667 0.00348333 1.14228146]
 [0.04166667 0.00348333 1.14294481]
 [0.03833333 0.00348333 1.15543084]
 [0.04166667 0.00348333 1.16541175]]
Blocking: []
Total number of jobs: 3
Total number of proccessors: 192
MECHANISMS already loaded.
/home/mwsrgf/proj/ACT/experiments/BursterIzhikevich/not-filtered/output/BursterIzh_Original_passmod_sl-10/43/target/synthetic_0.1_0.3_0.5_
Blocking: []
Total number of jobs: 1
Total number of proccessors: 192
MECHANISMS already loaded.
/home/mwsrgf/proj/ACT/experiments/BursterIzhikevich/not-filtered/output/BursterIzh_Original_passmod_sl-10/43/target/synthetic_-1_
MECHANISMS already loaded.
Found 1 section(s) in this cell. Calculating the total surface area of the cell.
PassiveProperties(V_rest=-73.13651954425167, R_in=312.05761345489105, tau=73.173, Cm=2.586815449244476, g_bar_leak=3.535204855950249e-05, cell_area=9.064641486925113e-05, leak_conductance_variable='glbar_leak', leak_reversal_variable='el_leak')
RUNNING THE MODULE
LOADING TARGET TRACES
SIMULATING TRAINING DATA
Total number of jobs: 30000
Total number of proccessors: 192
MECHANISMS already loaded.
/home/mwsrgf/proj/ACT/experiments/BursterIzhikevich/not-filtered/output/BursterIzh_Original_passmod_sl-10/43/module/train
TRAINING RANDOM FOREST REGRESSOR
Extracting features: ['I_mean', 'I_stdev', 'Num Spikes', 'Spike Time 1', 'Spike Time 2', 'Spike Time 3', 'Spike Time 4', 'Spike Time 5', 'Spike Time 6', 'Spike Time 7', 'Spike Time 8', 'Spike Time 9', 'Spike Time 10', 'Spike Time 11', 'Spike Time 12', 'Spike Time 13', 'Spike Time 14', 'Spike Time 15', 'Spike Time 16', 'Spike Time 17', 'Spike Time 18', 'Spike Time 19', 'Spike Time 20', 'Min Spike Height', 'Max Spike Height', 'Avg Spike Height', 'Std Spike Height', 'Trough Time 1', 'Trough Time 2', 'Trough Time 3', 'Trough Time 4', 'Trough Time 5', 'Trough Time 6', 'Trough Time 7', 'Trough Time 8', 'Trough Time 9', 'Trough Time 10', 'Trough Time 11', 'Trough Time 12', 'Trough Time 13', 'Trough Time 14', 'Trough Time 15', 'Trough Time 16', 'Trough Time 17', 'Trough Time 18', 'Trough Time 19', 'Trough Time 20', 'Min Trough Height', 'Max Trough Height', 'Avg Trough Height', 'Std Trough Height']
Evaluating random forest
MAE: 0.001052 (0.000024)
Saving rf mean/stdev scores to output/BursterIzh_Original_passmod_sl-10/43/module/results/saved_metrics.json
Predicted Conductances for each current injection intensity: 
[[3.04633333e-02 2.99542222e-02 2.98833333e-04 3.05690000e-03
  3.53520486e-05]
 [3.01066667e-02 2.70080000e-02 2.58700000e-04 3.14526667e-03
  3.53520486e-05]
 [3.17866667e-02 2.95591111e-02 3.55433333e-04 3.50203333e-03
  3.53520486e-05]]
SIMULATING PREDICTIONS
Total number of jobs: 9
Total number of proccessors: 192
MECHANISMS already loaded.
/home/mwsrgf/proj/ACT/experiments/BursterIzhikevich/not-filtered/output/BursterIzh_Original_passmod_sl-10/43/module/prediction_eval0
/home/mwsrgf/proj/ACT/experiments/BursterIzhikevich/not-filtered/output/BursterIzh_Original_passmod_sl-10/43/module/prediction_eval1
/home/mwsrgf/proj/ACT/experiments/BursterIzhikevich/not-filtered/output/BursterIzh_Original_passmod_sl-10/43/module/prediction_eval2
SELECTING BEST PREDICTION
Mean Feature MAE for each prediction: [26139.340029530955, 0.4628337486111713, 13069.767045889826]
FI curve MAE for each prediction: [2.2222222222222223, 0.0, 1.111111111111111]
Mean voltage mae for each prediction: [1.5835779013835987, 2.4218505046600245, 1.859427223662826]
{'gbar_na3': 0.03010666666666641, 'gkdrbar_kdr': 0.02700800000000024, 'gbar_nap': 0.00025870000000000304, 'gmbar_im': 0.0031452666666666467, 'glbar_leak': 3.5352048559502146e-05}
Module runtime: 0:13:10.634991
{'gbar_na3': 0.03010666666666641, 'gkdrbar_kdr': 0.02700800000000024, 'gbar_nap': 0.00025870000000000304, 'gmbar_im': 0.0031452666666666467, 'glbar_leak': 3.5352048559502146e-05}
Interspike times (Target): [[1.00e+06 1.00e+06 1.00e+06 1.00e+06]
 [2.52e+01 1.00e+06 1.00e+06 1.00e+06]
 [1.95e+01 2.26e+01 1.00e+06 1.00e+06]]
Interspike times (Prediction): [[1.00e+06 1.00e+06 1.00e+06 1.00e+06]
 [2.76e+01 1.00e+06 1.00e+06 1.00e+06]
 [2.05e+01 2.50e+01 1.00e+06 1.00e+06]]
MAE for each I injection: [0.0, 0.6000000000000014, 0.8500000000000014]
Mean interspike-interval MAE: 0.4833333333333343
Standard Deviation interspike-interval MAE: 0.3566822426505456
MAE of final g prediction: 0.00025901040971180485
Smallest MAE values (gbar_na3, gkdrbar_kdr, Summary Stats MAE): 
[[0.03166667 0.02522222 0.13083209]
 [0.03166667 0.03144444 0.13397843]
 [0.03166667 0.02522222 0.14105329]
 [0.03166667 0.02833333 0.1604302 ]
 [0.03166667 0.03455556 0.16364868]
 [0.035      0.02833333 0.16399329]]
Smallest MAE values (gbar_na3, gbar_nap, Summary Stats MAE): 
[[0.03166667 0.00025    0.13083209]
 [0.03166667 0.00038333 0.13397843]
 [0.03166667 0.00035    0.14105329]
 [0.03166667 0.00038333 0.1604302 ]
 [0.03166667 0.00038333 0.16364868]
 [0.035      0.00035    0.16399329]]
Smallest MAE values (gbar_na3, gmbar_im, Summary Stats MAE): 
[[0.03166667 0.00275    0.13083209]
 [0.03166667 0.00385    0.13397843]
 [0.03166667 0.00348333 0.14105329]
 [0.03166667 0.00385    0.1604302 ]
 [0.03166667 0.00385    0.16364868]
 [0.035      0.00348333 0.16399329]]
Smallest FI MAE values (gbar_na3, gkdrbar_kdr, FI MAE): 
[[0.03833333 0.02522222 0.        ]
 [0.04166667 0.03455556 0.        ]
 [0.035      0.03766667 0.        ]
 [0.035      0.03766667 0.        ]
 [0.035      0.03766667 0.        ]
 [0.035      0.03766667 0.        ]]
Smallest FI MAE values (gbar_na3, gbar_nap, FI MAE): 
[[0.03833333 0.00038333 0.        ]
 [0.04166667 0.00045    0.        ]
 [0.035      0.00045    0.        ]
 [0.035      0.00041667 0.        ]
 [0.035      0.00038333 0.        ]
 [0.035      0.00038333 0.        ]]
Smallest FI MAE values (gbar_na3, gmbar_im, FI MAE): 
[[0.03833333 0.00421667 0.        ]
 [0.04166667 0.00458333 0.        ]
 [0.035      0.00458333 0.        ]
 [0.035      0.00421667 0.        ]
 [0.035      0.00421667 0.        ]
 [0.035      0.00385    0.        ]]
Smallest MAE values (gbar_na3, gkdrbar_kdr, V MAE): 
[[0.035      0.02833333 1.09020212]
 [0.03833333 0.03455556 1.12686473]
 [0.04166667 0.03455556 1.14228146]
 [0.04166667 0.03144444 1.14294481]
 [0.03833333 0.03144444 1.15543084]
 [0.04166667 0.03766667 1.16541175]]
Smallest MAE values (gbar_na3, gbar_nap, V MAE): 
[[3.50000000e-02 3.50000000e-04 1.09020212e+00]
 [3.83333333e-02 3.50000000e-04 1.12686473e+00]
 [4.16666667e-02 3.50000000e-04 1.14228146e+00]
 [4.16666667e-02 3.50000000e-04 1.14294481e+00]
 [3.83333333e-02 3.50000000e-04 1.15543084e+00]
 [4.16666667e-02 3.50000000e-04 1.16541175e+00]]
Smallest MAE values (gbar_na3, gmbar_im, V MAE): 
[[0.035      0.00348333 1.09020212]
 [0.03833333 0.00348333 1.12686473]
 [0.04166667 0.00348333 1.14228146]
 [0.04166667 0.00348333 1.14294481]
 [0.03833333 0.00348333 1.15543084]
 [0.04166667 0.00348333 1.16541175]]
Blocking: []
Total number of jobs: 3
Total number of proccessors: 192
MECHANISMS already loaded.
/home/mwsrgf/proj/ACT/experiments/BursterIzhikevich/not-filtered/output/BursterIzh_Original_passmod_sl-10/44/target/synthetic_0.1_0.3_0.5_
Blocking: []
Total number of jobs: 1
Total number of proccessors: 192
MECHANISMS already loaded.
/home/mwsrgf/proj/ACT/experiments/BursterIzhikevich/not-filtered/output/BursterIzh_Original_passmod_sl-10/44/target/synthetic_-1_
MECHANISMS already loaded.
Found 1 section(s) in this cell. Calculating the total surface area of the cell.
PassiveProperties(V_rest=-73.13651954425167, R_in=312.05761345489105, tau=73.173, Cm=2.586815449244476, g_bar_leak=3.535204855950249e-05, cell_area=9.064641486925113e-05, leak_conductance_variable='glbar_leak', leak_reversal_variable='el_leak')
RUNNING THE MODULE
LOADING TARGET TRACES
SIMULATING TRAINING DATA
Total number of jobs: 30000
Total number of proccessors: 192
MECHANISMS already loaded.
/home/mwsrgf/proj/ACT/experiments/BursterIzhikevich/not-filtered/output/BursterIzh_Original_passmod_sl-10/44/module/train
TRAINING RANDOM FOREST REGRESSOR
Extracting features: ['I_mean', 'I_stdev', 'Num Spikes', 'Spike Time 1', 'Spike Time 2', 'Spike Time 3', 'Spike Time 4', 'Spike Time 5', 'Spike Time 6', 'Spike Time 7', 'Spike Time 8', 'Spike Time 9', 'Spike Time 10', 'Spike Time 11', 'Spike Time 12', 'Spike Time 13', 'Spike Time 14', 'Spike Time 15', 'Spike Time 16', 'Spike Time 17', 'Spike Time 18', 'Spike Time 19', 'Spike Time 20', 'Min Spike Height', 'Max Spike Height', 'Avg Spike Height', 'Std Spike Height', 'Trough Time 1', 'Trough Time 2', 'Trough Time 3', 'Trough Time 4', 'Trough Time 5', 'Trough Time 6', 'Trough Time 7', 'Trough Time 8', 'Trough Time 9', 'Trough Time 10', 'Trough Time 11', 'Trough Time 12', 'Trough Time 13', 'Trough Time 14', 'Trough Time 15', 'Trough Time 16', 'Trough Time 17', 'Trough Time 18', 'Trough Time 19', 'Trough Time 20', 'Min Trough Height', 'Max Trough Height', 'Avg Trough Height', 'Std Trough Height']
Evaluating random forest
MAE: 0.001051 (0.000020)
Saving rf mean/stdev scores to output/BursterIzh_Original_passmod_sl-10/44/module/results/saved_metrics.json
Predicted Conductances for each current injection intensity: 
[[3.04766667e-02 2.99728889e-02 3.01900000e-04 3.04370000e-03
  3.53520486e-05]
 [3.01100000e-02 2.71168889e-02 2.57633333e-04 3.20173333e-03
  3.53520486e-05]
 [3.17800000e-02 2.96213333e-02 3.56500000e-04 3.51340000e-03
  3.53520486e-05]]
SIMULATING PREDICTIONS
Total number of jobs: 9
Total number of proccessors: 192
MECHANISMS already loaded.
/home/mwsrgf/proj/ACT/act/ACTPlot.py:344: RuntimeWarning: More than 20 figures have been opened. Figures created through the pyplot interface (`matplotlib.pyplot.figure`) are retained until explicitly closed and may consume too much memory. (To control this warning, see the rcParam `figure.max_open_warning`). Consider using `matplotlib.pyplot.close()`.
  fig, ax = plt.subplots()
/home/mwsrgf/proj/ACT/experiments/BursterIzhikevich/not-filtered/output/BursterIzh_Original_passmod_sl-10/44/module/prediction_eval0
/home/mwsrgf/proj/ACT/experiments/BursterIzhikevich/not-filtered/output/BursterIzh_Original_passmod_sl-10/44/module/prediction_eval1
/home/mwsrgf/proj/ACT/experiments/BursterIzhikevich/not-filtered/output/BursterIzh_Original_passmod_sl-10/44/module/prediction_eval2
SELECTING BEST PREDICTION
Mean Feature MAE for each prediction: [26139.381445273, 32678.01089000422, 13069.76413920213]
FI curve MAE for each prediction: [2.2222222222222223, 1.1111111111111112, 1.111111111111111]
Mean voltage mae for each prediction: [1.4988429083306898, 2.5179245317250483, 1.883156675157025]
{'gbar_na3': 0.031779999999999704, 'gkdrbar_kdr': 0.029621333333333666, 'gbar_nap': 0.0003565000000000048, 'gmbar_im': 0.003513399999999996, 'glbar_leak': 3.5352048559502146e-05}
Module runtime: 0:12:34.178020
{'gbar_na3': 0.031779999999999704, 'gkdrbar_kdr': 0.029621333333333666, 'gbar_nap': 0.0003565000000000048, 'gmbar_im': 0.003513399999999996, 'glbar_leak': 3.5352048559502146e-05}
Interspike times (Target): [[1.00e+06 1.00e+06 1.00e+06 1.00e+06]
 [2.52e+01 1.00e+06 1.00e+06 1.00e+06]
 [1.95e+01 2.26e+01 1.00e+06 1.00e+06]]
Interspike times (Prediction): [[1.00e+06 1.00e+06 1.00e+06 1.00e+06]
 [2.33e+01 4.27e+01 1.00e+06 1.00e+06]
 [1.89e+01 2.10e+01 1.00e+06 1.00e+06]]
MAE for each I injection: [0.0, 249989.80000000002, 0.5499999999999936]
Mean interspike-interval MAE: 83330.11666666667
Standard Deviation interspike-interval MAE: 117846.19223561656
MAE of final g prediction: 0.0007343170763785748
Smallest MAE values (gbar_na3, gkdrbar_kdr, Summary Stats MAE): 
[[0.03166667 0.02522222 0.13083209]
 [0.03166667 0.03144444 0.13397843]
 [0.03166667 0.02522222 0.14105329]
 [0.03166667 0.02833333 0.1604302 ]
 [0.03166667 0.03455556 0.16364868]
 [0.035      0.02833333 0.16399329]]
Smallest MAE values (gbar_na3, gbar_nap, Summary Stats MAE): 
[[0.03166667 0.00025    0.13083209]
 [0.03166667 0.00038333 0.13397843]
 [0.03166667 0.00035    0.14105329]
 [0.03166667 0.00038333 0.1604302 ]
 [0.03166667 0.00038333 0.16364868]
 [0.035      0.00035    0.16399329]]
Smallest MAE values (gbar_na3, gmbar_im, Summary Stats MAE): 
[[0.03166667 0.00275    0.13083209]
 [0.03166667 0.00385    0.13397843]
 [0.03166667 0.00348333 0.14105329]
 [0.03166667 0.00385    0.1604302 ]
 [0.03166667 0.00385    0.16364868]
 [0.035      0.00348333 0.16399329]]
Smallest FI MAE values (gbar_na3, gkdrbar_kdr, FI MAE): 
[[0.03833333 0.02522222 0.        ]
 [0.04166667 0.03455556 0.        ]
 [0.035      0.03766667 0.        ]
 [0.035      0.03766667 0.        ]
 [0.035      0.03766667 0.        ]
 [0.035      0.03766667 0.        ]]
Smallest FI MAE values (gbar_na3, gbar_nap, FI MAE): 
[[0.03833333 0.00038333 0.        ]
 [0.04166667 0.00045    0.        ]
 [0.035      0.00045    0.        ]
 [0.035      0.00041667 0.        ]
 [0.035      0.00038333 0.        ]
 [0.035      0.00038333 0.        ]]
Smallest FI MAE values (gbar_na3, gmbar_im, FI MAE): 
[[0.03833333 0.00421667 0.        ]
 [0.04166667 0.00458333 0.        ]
 [0.035      0.00458333 0.        ]
 [0.035      0.00421667 0.        ]
 [0.035      0.00421667 0.        ]
 [0.035      0.00385    0.        ]]
Smallest MAE values (gbar_na3, gkdrbar_kdr, V MAE): 
[[0.035      0.02833333 1.09020212]
 [0.03833333 0.03455556 1.12686473]
 [0.04166667 0.03455556 1.14228146]
 [0.04166667 0.03144444 1.14294481]
 [0.03833333 0.03144444 1.15543084]
 [0.04166667 0.03766667 1.16541175]]
Smallest MAE values (gbar_na3, gbar_nap, V MAE): 
[[3.50000000e-02 3.50000000e-04 1.09020212e+00]
 [3.83333333e-02 3.50000000e-04 1.12686473e+00]
 [4.16666667e-02 3.50000000e-04 1.14228146e+00]
 [4.16666667e-02 3.50000000e-04 1.14294481e+00]
 [3.83333333e-02 3.50000000e-04 1.15543084e+00]
 [4.16666667e-02 3.50000000e-04 1.16541175e+00]]
Smallest MAE values (gbar_na3, gmbar_im, V MAE): 
[[0.035      0.00348333 1.09020212]
 [0.03833333 0.00348333 1.12686473]
 [0.04166667 0.00348333 1.14228146]
 [0.04166667 0.00348333 1.14294481]
 [0.03833333 0.00348333 1.15543084]
 [0.04166667 0.00348333 1.16541175]]
Blocking: []
Total number of jobs: 3
Total number of proccessors: 192
MECHANISMS already loaded.
/home/mwsrgf/proj/ACT/experiments/BursterIzhikevich/not-filtered/output/BursterIzh_Original_passmod_sl-10/45/target/synthetic_0.1_0.3_0.5_
Blocking: []
Total number of jobs: 1
Total number of proccessors: 192
MECHANISMS already loaded.
/home/mwsrgf/proj/ACT/experiments/BursterIzhikevich/not-filtered/output/BursterIzh_Original_passmod_sl-10/45/target/synthetic_-1_
MECHANISMS already loaded.
Found 1 section(s) in this cell. Calculating the total surface area of the cell.
PassiveProperties(V_rest=-73.13651954425167, R_in=312.05761345489105, tau=73.173, Cm=2.586815449244476, g_bar_leak=3.535204855950249e-05, cell_area=9.064641486925113e-05, leak_conductance_variable='glbar_leak', leak_reversal_variable='el_leak')
RUNNING THE MODULE
LOADING TARGET TRACES
SIMULATING TRAINING DATA
Total number of jobs: 30000
Total number of proccessors: 192
MECHANISMS already loaded.
/home/mwsrgf/proj/ACT/experiments/BursterIzhikevich/not-filtered/output/BursterIzh_Original_passmod_sl-10/45/module/train
TRAINING RANDOM FOREST REGRESSOR
Extracting features: ['I_mean', 'I_stdev', 'Num Spikes', 'Spike Time 1', 'Spike Time 2', 'Spike Time 3', 'Spike Time 4', 'Spike Time 5', 'Spike Time 6', 'Spike Time 7', 'Spike Time 8', 'Spike Time 9', 'Spike Time 10', 'Spike Time 11', 'Spike Time 12', 'Spike Time 13', 'Spike Time 14', 'Spike Time 15', 'Spike Time 16', 'Spike Time 17', 'Spike Time 18', 'Spike Time 19', 'Spike Time 20', 'Min Spike Height', 'Max Spike Height', 'Avg Spike Height', 'Std Spike Height', 'Trough Time 1', 'Trough Time 2', 'Trough Time 3', 'Trough Time 4', 'Trough Time 5', 'Trough Time 6', 'Trough Time 7', 'Trough Time 8', 'Trough Time 9', 'Trough Time 10', 'Trough Time 11', 'Trough Time 12', 'Trough Time 13', 'Trough Time 14', 'Trough Time 15', 'Trough Time 16', 'Trough Time 17', 'Trough Time 18', 'Trough Time 19', 'Trough Time 20', 'Min Trough Height', 'Max Trough Height', 'Avg Trough Height', 'Std Trough Height']
Evaluating random forest
MAE: 0.001051 (0.000023)
Saving rf mean/stdev scores to output/BursterIzh_Original_passmod_sl-10/45/module/results/saved_metrics.json
Predicted Conductances for each current injection intensity: 
[[3.03933333e-02 2.97706667e-02 2.97066667e-04 3.01950000e-03
  3.53520486e-05]
 [3.02766667e-02 2.76084444e-02 2.69233333e-04 3.24866667e-03
  3.53520486e-05]
 [3.17166667e-02 2.96057778e-02 3.52200000e-04 3.47893333e-03
  3.53520486e-05]]
SIMULATING PREDICTIONS
Total number of jobs: 9
Total number of proccessors: 192
MECHANISMS already loaded.
/home/mwsrgf/proj/ACT/experiments/BursterIzhikevich/not-filtered/output/BursterIzh_Original_passmod_sl-10/45/module/prediction_eval0
/home/mwsrgf/proj/ACT/experiments/BursterIzhikevich/not-filtered/output/BursterIzh_Original_passmod_sl-10/45/module/prediction_eval1
/home/mwsrgf/proj/ACT/experiments/BursterIzhikevich/not-filtered/output/BursterIzh_Original_passmod_sl-10/45/module/prediction_eval2
SELECTING BEST PREDICTION
Mean Feature MAE for each prediction: [26139.357491816994, 0.5250746306675643, 13069.76205638778]
FI curve MAE for each prediction: [2.2222222222222223, 0.0, 1.111111111111111]
Mean voltage mae for each prediction: [1.4298120368997769, 2.550625887986535, 1.8616191467178078]
{'gbar_na3': 0.03027666666666642, 'gkdrbar_kdr': 0.027608444444444696, 'gbar_nap': 0.00026923333333333605, 'gmbar_im': 0.003248666666666649, 'glbar_leak': 3.5352048559502146e-05}
Module runtime: 0:12:42.750355
{'gbar_na3': 0.03027666666666642, 'gkdrbar_kdr': 0.027608444444444696, 'gbar_nap': 0.00026923333333333605, 'gmbar_im': 0.003248666666666649, 'glbar_leak': 3.5352048559502146e-05}
Interspike times (Target): [[1.00e+06 1.00e+06 1.00e+06 1.00e+06]
 [2.52e+01 1.00e+06 1.00e+06 1.00e+06]
 [1.95e+01 2.26e+01 1.00e+06 1.00e+06]]
Interspike times (Prediction): [[1.00e+06 1.00e+06 1.00e+06 1.00e+06]
 [2.75e+01 1.00e+06 1.00e+06 1.00e+06]
 [2.05e+01 2.51e+01 1.00e+06 1.00e+06]]
MAE for each I injection: [0.0, 0.5749999999999993, 0.875]
Mean interspike-interval MAE: 0.4833333333333331
Standard Deviation interspike-interval MAE: 0.36305034851319934
MAE of final g prediction: 0.00015013485415624878
Smallest MAE values (gbar_na3, gkdrbar_kdr, Summary Stats MAE): 
[[0.03166667 0.02522222 0.13083209]
 [0.03166667 0.03144444 0.13397843]
 [0.03166667 0.02522222 0.14105329]
 [0.03166667 0.02833333 0.1604302 ]
 [0.03166667 0.03455556 0.16364868]
 [0.035      0.02833333 0.16399329]]
Smallest MAE values (gbar_na3, gbar_nap, Summary Stats MAE): 
[[0.03166667 0.00025    0.13083209]
 [0.03166667 0.00038333 0.13397843]
 [0.03166667 0.00035    0.14105329]
 [0.03166667 0.00038333 0.1604302 ]
 [0.03166667 0.00038333 0.16364868]
 [0.035      0.00035    0.16399329]]
Smallest MAE values (gbar_na3, gmbar_im, Summary Stats MAE): 
[[0.03166667 0.00275    0.13083209]
 [0.03166667 0.00385    0.13397843]
 [0.03166667 0.00348333 0.14105329]
 [0.03166667 0.00385    0.1604302 ]
 [0.03166667 0.00385    0.16364868]
 [0.035      0.00348333 0.16399329]]
Smallest FI MAE values (gbar_na3, gkdrbar_kdr, FI MAE): 
[[0.03833333 0.02522222 0.        ]
 [0.04166667 0.03455556 0.        ]
 [0.035      0.03766667 0.        ]
 [0.035      0.03766667 0.        ]
 [0.035      0.03766667 0.        ]
 [0.035      0.03766667 0.        ]]
Smallest FI MAE values (gbar_na3, gbar_nap, FI MAE): 
[[0.03833333 0.00038333 0.        ]
 [0.04166667 0.00045    0.        ]
 [0.035      0.00045    0.        ]
 [0.035      0.00041667 0.        ]
 [0.035      0.00038333 0.        ]
 [0.035      0.00038333 0.        ]]
Smallest FI MAE values (gbar_na3, gmbar_im, FI MAE): 
[[0.03833333 0.00421667 0.        ]
 [0.04166667 0.00458333 0.        ]
 [0.035      0.00458333 0.        ]
 [0.035      0.00421667 0.        ]
 [0.035      0.00421667 0.        ]
 [0.035      0.00385    0.        ]]
Smallest MAE values (gbar_na3, gkdrbar_kdr, V MAE): 
[[0.035      0.02833333 1.09020212]
 [0.03833333 0.03455556 1.12686473]
 [0.04166667 0.03455556 1.14228146]
 [0.04166667 0.03144444 1.14294481]
 [0.03833333 0.03144444 1.15543084]
 [0.04166667 0.03766667 1.16541175]]
Smallest MAE values (gbar_na3, gbar_nap, V MAE): 
[[3.50000000e-02 3.50000000e-04 1.09020212e+00]
 [3.83333333e-02 3.50000000e-04 1.12686473e+00]
 [4.16666667e-02 3.50000000e-04 1.14228146e+00]
 [4.16666667e-02 3.50000000e-04 1.14294481e+00]
 [3.83333333e-02 3.50000000e-04 1.15543084e+00]
 [4.16666667e-02 3.50000000e-04 1.16541175e+00]]
Smallest MAE values (gbar_na3, gmbar_im, V MAE): 
[[0.035      0.00348333 1.09020212]
 [0.03833333 0.00348333 1.12686473]
 [0.04166667 0.00348333 1.14228146]
 [0.04166667 0.00348333 1.14294481]
 [0.03833333 0.00348333 1.15543084]
 [0.04166667 0.00348333 1.16541175]]
Blocking: []
Total number of jobs: 3
Total number of proccessors: 192
MECHANISMS already loaded.
/home/mwsrgf/proj/ACT/experiments/BursterIzhikevich/not-filtered/output/BursterIzh_Original_passmod_sl-10/46/target/synthetic_0.1_0.3_0.5_
Blocking: []
Total number of jobs: 1
Total number of proccessors: 192
MECHANISMS already loaded.
/home/mwsrgf/proj/ACT/experiments/BursterIzhikevich/not-filtered/output/BursterIzh_Original_passmod_sl-10/46/target/synthetic_-1_
MECHANISMS already loaded.
Found 1 section(s) in this cell. Calculating the total surface area of the cell.
PassiveProperties(V_rest=-73.13651954425167, R_in=312.05761345489105, tau=73.173, Cm=2.586815449244476, g_bar_leak=3.535204855950249e-05, cell_area=9.064641486925113e-05, leak_conductance_variable='glbar_leak', leak_reversal_variable='el_leak')
RUNNING THE MODULE
LOADING TARGET TRACES
SIMULATING TRAINING DATA
Total number of jobs: 30000
Total number of proccessors: 192
MECHANISMS already loaded.
/home/mwsrgf/proj/ACT/experiments/BursterIzhikevich/not-filtered/output/BursterIzh_Original_passmod_sl-10/46/module/train
TRAINING RANDOM FOREST REGRESSOR
Extracting features: ['I_mean', 'I_stdev', 'Num Spikes', 'Spike Time 1', 'Spike Time 2', 'Spike Time 3', 'Spike Time 4', 'Spike Time 5', 'Spike Time 6', 'Spike Time 7', 'Spike Time 8', 'Spike Time 9', 'Spike Time 10', 'Spike Time 11', 'Spike Time 12', 'Spike Time 13', 'Spike Time 14', 'Spike Time 15', 'Spike Time 16', 'Spike Time 17', 'Spike Time 18', 'Spike Time 19', 'Spike Time 20', 'Min Spike Height', 'Max Spike Height', 'Avg Spike Height', 'Std Spike Height', 'Trough Time 1', 'Trough Time 2', 'Trough Time 3', 'Trough Time 4', 'Trough Time 5', 'Trough Time 6', 'Trough Time 7', 'Trough Time 8', 'Trough Time 9', 'Trough Time 10', 'Trough Time 11', 'Trough Time 12', 'Trough Time 13', 'Trough Time 14', 'Trough Time 15', 'Trough Time 16', 'Trough Time 17', 'Trough Time 18', 'Trough Time 19', 'Trough Time 20', 'Min Trough Height', 'Max Trough Height', 'Avg Trough Height', 'Std Trough Height']
Evaluating random forest
MAE: 0.001052 (0.000016)
Saving rf mean/stdev scores to output/BursterIzh_Original_passmod_sl-10/46/module/results/saved_metrics.json
Predicted Conductances for each current injection intensity: 
[[3.04766667e-02 3.01035556e-02 3.00300000e-04 3.05690000e-03
  3.53520486e-05]
 [3.01733333e-02 2.72506667e-02 2.61766667e-04 3.22593333e-03
  3.53520486e-05]
 [3.17533333e-02 2.95311111e-02 3.52866667e-04 3.48810000e-03
  3.53520486e-05]]
SIMULATING PREDICTIONS
Total number of jobs: 9
Total number of proccessors: 192
MECHANISMS already loaded.
/home/mwsrgf/proj/ACT/experiments/BursterIzhikevich/not-filtered/output/BursterIzh_Original_passmod_sl-10/46/module/prediction_eval0
/home/mwsrgf/proj/ACT/experiments/BursterIzhikevich/not-filtered/output/BursterIzh_Original_passmod_sl-10/46/module/prediction_eval1
/home/mwsrgf/proj/ACT/experiments/BursterIzhikevich/not-filtered/output/BursterIzh_Original_passmod_sl-10/46/module/prediction_eval2
SELECTING BEST PREDICTION
Mean Feature MAE for each prediction: [26139.355008652394, 32678.006660219933, 13069.76463865598]
FI curve MAE for each prediction: [2.2222222222222223, 1.1111111111111112, 1.111111111111111]
Mean voltage mae for each prediction: [1.4950604173119464, 2.5615283134403644, 1.8497714141759432]
{'gbar_na3': 0.03175333333333302, 'gkdrbar_kdr': 0.029531111111111383, 'gbar_nap': 0.0003528666666666712, 'gmbar_im': 0.0034881000000000005, 'glbar_leak': 3.5352048559502146e-05}
Module runtime: 0:12:44.359694
{'gbar_na3': 0.03175333333333302, 'gkdrbar_kdr': 0.029531111111111383, 'gbar_nap': 0.0003528666666666712, 'gmbar_im': 0.0034881000000000005, 'glbar_leak': 3.5352048559502146e-05}
Interspike times (Target): [[1.00e+06 1.00e+06 1.00e+06 1.00e+06]
 [2.52e+01 1.00e+06 1.00e+06 1.00e+06]
 [1.95e+01 2.26e+01 1.00e+06 1.00e+06]]
Interspike times (Prediction): [[1.00e+06 1.00e+06 1.00e+06 1.00e+06]
 [2.34e+01 4.29e+01 1.00e+06 1.00e+06]
 [1.89e+01 2.10e+01 1.00e+06 1.00e+06]]
MAE for each I injection: [0.0, 249989.725, 0.5499999999999936]
Mean interspike-interval MAE: 83330.09166666666
Standard Deviation interspike-interval MAE: 117846.15688027749
MAE of final g prediction: 0.0007051526319341159
Smallest MAE values (gbar_na3, gkdrbar_kdr, Summary Stats MAE): 
[[0.03166667 0.02522222 0.13083209]
 [0.03166667 0.03144444 0.13397843]
 [0.03166667 0.02522222 0.14105329]
 [0.03166667 0.02833333 0.1604302 ]
 [0.03166667 0.03455556 0.16364868]
 [0.035      0.02833333 0.16399329]]
Smallest MAE values (gbar_na3, gbar_nap, Summary Stats MAE): 
[[0.03166667 0.00025    0.13083209]
 [0.03166667 0.00038333 0.13397843]
 [0.03166667 0.00035    0.14105329]
 [0.03166667 0.00038333 0.1604302 ]
 [0.03166667 0.00038333 0.16364868]
 [0.035      0.00035    0.16399329]]
Smallest MAE values (gbar_na3, gmbar_im, Summary Stats MAE): 
[[0.03166667 0.00275    0.13083209]
 [0.03166667 0.00385    0.13397843]
 [0.03166667 0.00348333 0.14105329]
 [0.03166667 0.00385    0.1604302 ]
 [0.03166667 0.00385    0.16364868]
 [0.035      0.00348333 0.16399329]]
Smallest FI MAE values (gbar_na3, gkdrbar_kdr, FI MAE): 
[[0.03833333 0.02522222 0.        ]
 [0.04166667 0.03455556 0.        ]
 [0.035      0.03766667 0.        ]
 [0.035      0.03766667 0.        ]
 [0.035      0.03766667 0.        ]
 [0.035      0.03766667 0.        ]]
Smallest FI MAE values (gbar_na3, gbar_nap, FI MAE): 
[[0.03833333 0.00038333 0.        ]
 [0.04166667 0.00045    0.        ]
 [0.035      0.00045    0.        ]
 [0.035      0.00041667 0.        ]
 [0.035      0.00038333 0.        ]
 [0.035      0.00038333 0.        ]]
Smallest FI MAE values (gbar_na3, gmbar_im, FI MAE): 
[[0.03833333 0.00421667 0.        ]
 [0.04166667 0.00458333 0.        ]
 [0.035      0.00458333 0.        ]
 [0.035      0.00421667 0.        ]
 [0.035      0.00421667 0.        ]
 [0.035      0.00385    0.        ]]
Smallest MAE values (gbar_na3, gkdrbar_kdr, V MAE): 
[[0.035      0.02833333 1.09020212]
 [0.03833333 0.03455556 1.12686473]
 [0.04166667 0.03455556 1.14228146]
 [0.04166667 0.03144444 1.14294481]
 [0.03833333 0.03144444 1.15543084]
 [0.04166667 0.03766667 1.16541175]]
Smallest MAE values (gbar_na3, gbar_nap, V MAE): 
[[3.50000000e-02 3.50000000e-04 1.09020212e+00]
 [3.83333333e-02 3.50000000e-04 1.12686473e+00]
 [4.16666667e-02 3.50000000e-04 1.14228146e+00]
 [4.16666667e-02 3.50000000e-04 1.14294481e+00]
 [3.83333333e-02 3.50000000e-04 1.15543084e+00]
 [4.16666667e-02 3.50000000e-04 1.16541175e+00]]
Smallest MAE values (gbar_na3, gmbar_im, V MAE): 
[[0.035      0.00348333 1.09020212]
 [0.03833333 0.00348333 1.12686473]
 [0.04166667 0.00348333 1.14228146]
 [0.04166667 0.00348333 1.14294481]
 [0.03833333 0.00348333 1.15543084]
 [0.04166667 0.00348333 1.16541175]]
Start: Thu Oct 31 14:09:07 CDT 2024 
End:   Thu Oct 31 21:45:26 CDT 2024
Done running model at Thu Oct 31 21:45:26 CDT 2024
