Warning: no DISPLAY environment variable.
--No graphics will be displayed.

        ACTSimulator (2024)
        ----------
        When submitting multiple jobs, note that the cells must share modfiles.
        
output/LAA_original_-50mV-3/46/module_final/target
RUNNING THE MODULE
LOADING TARGET TRACES
SIMULATING TRAINING DATA

        ACTSimulator (2024)
        ----------
        When submitting multiple jobs, note that the cells must share modfiles.
        
/home/ubuntu/ACT/experiments/LA_A/not-filtered/output/LAA_original_-50mV-3/46/module_final/train
TRAINING RANDOM FOREST REGRESSOR
Extracting features: ['I_mean', 'I_stdev', 'Num Spikes', 'Spike Time 1', 'Spike Time 2', 'Spike Time 3', 'Spike Time 4', 'Spike Time 5', 'Spike Time 6', 'Spike Time 7', 'Spike Time 8', 'Spike Time 9', 'Spike Time 10', 'Spike Time 11', 'Spike Time 12', 'Spike Time 13', 'Spike Time 14', 'Spike Time 15', 'Spike Time 16', 'Spike Time 17', 'Spike Time 18', 'Spike Time 19', 'Spike Time 20', 'Min Spike Height', 'Max Spike Height', 'Avg Spike Height', 'Std Spike Height', 'Trough Time 1', 'Trough Time 2', 'Trough Time 3', 'Trough Time 4', 'Trough Time 5', 'Trough Time 6', 'Trough Time 7', 'Trough Time 8', 'Trough Time 9', 'Trough Time 10', 'Trough Time 11', 'Trough Time 12', 'Trough Time 13', 'Trough Time 14', 'Trough Time 15', 'Trough Time 16', 'Trough Time 17', 'Trough Time 18', 'Trough Time 19', 'Trough Time 20', 'Min Trough Height', 'Max Trough Height', 'Avg Trough Height', 'Std Trough Height', 'lto-hto_frequency', 'lto-hto_amplitude']
Predicted Conductances for each current injection intensity: 
[[1.49367772e-04 1.85202659e-03 3.21831640e-02 1.47167961e-03
  5.60649527e-05 8.63769681e-03 8.12022619e-04 2.29049919e-05
  4.34005990e-05]
 [1.49367772e-04 1.85202659e-03 3.21831640e-02 1.47167961e-03
  5.60649527e-05 8.63769681e-03 8.12022619e-04 2.29049919e-05
  4.34005990e-05]
 [1.49367772e-04 1.85202659e-03 3.21831640e-02 1.47167961e-03
  5.60649527e-05 8.63769681e-03 8.12022619e-04 2.29049919e-05
  4.34005990e-05]
 [1.48967394e-04 1.90149816e-03 3.22251801e-02 1.47020336e-03
  5.61090285e-05 8.63062295e-03 8.11580107e-04 2.28719069e-05
  4.34438584e-05]
 [1.53705825e-04 1.90286560e-03 3.29921259e-02 1.42678733e-03
  5.73945145e-05 8.33142825e-03 8.02824630e-04 2.23484415e-05
  4.18633311e-05]
 [1.31482040e-04 1.85207263e-03 2.93346361e-02 1.64457019e-03
  5.43165945e-05 9.76511256e-03 8.41512526e-04 2.48654416e-05
  4.93598374e-05]
 [1.65226239e-04 1.02756377e-03 2.93666315e-02 2.04357060e-03
  5.01163361e-05 7.53853636e-03 8.75010171e-04 2.73892571e-05
  5.04118122e-05]
 [1.62021886e-04 1.37067612e-03 2.93338921e-02 1.75125451e-03
  4.87411657e-05 8.46384067e-03 8.70559412e-04 2.58321465e-05
  4.87905081e-05]
 [1.31884745e-04 1.33569865e-03 2.93338921e-02 1.76412125e-03
  4.93913821e-05 9.03129248e-03 8.54415982e-04 2.69239137e-05
  5.21141815e-05]
 [1.67741047e-04 1.54972747e-03 2.93338921e-02 1.63625809e-03
  4.83973731e-05 7.88105232e-03 8.43326804e-04 2.59842780e-05
  4.46156502e-05]
 [1.39023556e-04 1.75292993e-03 3.08399024e-02 1.64992899e-03
  5.19399316e-05 9.93359198e-03 8.55924714e-04 2.42750359e-05
  4.96281819e-05]
 [1.38901872e-04 1.85702955e-03 2.94255623e-02 1.70702512e-03
  5.30385732e-05 9.44537893e-03 8.41139142e-04 2.37694224e-05
  4.62099325e-05]
 [1.35129659e-04 1.59802969e-03 3.01654717e-02 1.65113525e-03
  5.05871825e-05 1.01968692e-02 8.65127978e-04 2.38768093e-05
  4.69260085e-05]
 [1.36914362e-04 1.62634479e-03 2.93535357e-02 1.68732294e-03
  5.43689010e-05 1.01636400e-02 8.44684662e-04 2.41765979e-05
  4.63450412e-05]
 [1.49691212e-04 1.69380135e-03 2.92553177e-02 1.84051747e-03
  5.60878640e-05 9.40703760e-03 8.38423425e-04 2.44047951e-05
  4.95336058e-05]]
SIMULATING PREDICTIONS

        ACTSimulator (2024)
        ----------
        When submitting multiple jobs, note that the cells must share modfiles.
        
/home/ubuntu/ACT/experiments/LA_A/not-filtered/output/LAA_original_-50mV-3/46/module_final/prediction_eval0
/home/ubuntu/ACT/experiments/LA_A/not-filtered/output/LAA_original_-50mV-3/46/module_final/prediction_eval1
/home/ubuntu/ACT/experiments/LA_A/not-filtered/output/LAA_original_-50mV-3/46/module_final/prediction_eval2
/home/ubuntu/ACT/experiments/LA_A/not-filtered/output/LAA_original_-50mV-3/46/module_final/prediction_eval3
/home/ubuntu/ACT/experiments/LA_A/not-filtered/output/LAA_original_-50mV-3/46/module_final/prediction_eval4
/home/ubuntu/ACT/experiments/LA_A/not-filtered/output/LAA_original_-50mV-3/46/module_final/prediction_eval5
/home/ubuntu/ACT/experiments/LA_A/not-filtered/output/LAA_original_-50mV-3/46/module_final/prediction_eval6
/home/ubuntu/ACT/experiments/LA_A/not-filtered/output/LAA_original_-50mV-3/46/module_final/prediction_eval7
/home/ubuntu/ACT/experiments/LA_A/not-filtered/output/LAA_original_-50mV-3/46/module_final/prediction_eval8
/home/ubuntu/ACT/experiments/LA_A/not-filtered/output/LAA_original_-50mV-3/46/module_final/prediction_eval9
/home/ubuntu/ACT/experiments/LA_A/not-filtered/output/LAA_original_-50mV-3/46/module_final/prediction_eval10
/home/ubuntu/ACT/experiments/LA_A/not-filtered/output/LAA_original_-50mV-3/46/module_final/prediction_eval11
/home/ubuntu/ACT/experiments/LA_A/not-filtered/output/LAA_original_-50mV-3/46/module_final/prediction_eval12
/home/ubuntu/ACT/experiments/LA_A/not-filtered/output/LAA_original_-50mV-3/46/module_final/prediction_eval13
/home/ubuntu/ACT/experiments/LA_A/not-filtered/output/LAA_original_-50mV-3/46/module_final/prediction_eval14
SELECTING BEST PREDICTION
Mean Feature MAE for each prediction: [44021.140682025725, 44021.140682025725, 44021.140682025725, 44022.68213852476, 45278.72902456408, 52820.8411336951, 35218.7495844779, 37729.01717588212, 41504.31053390504, 44014.844655318935, 40249.941297095436, 46535.025877058346, 40248.546487972206, 50304.790711801164, 47789.84747431552]
FI curve MAE for each prediction: [78.16666666666667, 78.16666666666667, 78.16666666666667, 93.0, 85.83333333333333, 52.333333333333336, 55.916666666666664, 55.666666666666664, 18.5, 145.91666666666666, 68.66666666666667, 84.08333333333333, 37.333333333333336, 44.25, 28.5]
Mean voltage mae for each prediction: [2.102361443551841, 2.102361443551841, 2.102361443551841, 2.1577138077561746, 2.1829853287977925, 2.103225686915743, 2.519504645834582, 1.5405942977680238, 1.6995905566415292, 1.7790943681302451, 2.10976935857781, 2.1128395898132735, 2.01382457540523, 1.874733472474169, 1.8097309424269425]
{'gbar_nap': 0.00016522623880485326, 'gmbar_im': 0.0010275637713002132, 'gbar_na3': 0.029366631478561025, 'gbar_kdr': 0.0020435705973674417, 'gcabar_cadyn': 5.0116336087881096e-05, 'gsAHPbar_sAHP': 0.007538536362636571, 'gkabar_kap': 0.0008750101712867248, 'ghdbar_hd': 2.7389257124277024e-05, 'glbar_leak': 5.041181219188511e-05}
Module runtime: 1:51:52.492501
['gbar_nap', 'gmbar_im', 'gbar_na3', 'gkdrbar_kdr', 'gcabar_cadyn', 'gsAHPbar_sAHP', 'gkabar_kap', 'ghdbar_hd', 'glbar_leak']
Interspike times (Target): [[1.000e+06 1.000e+06 1.000e+06 1.000e+06]
 [1.000e+06 1.000e+06 1.000e+06 1.000e+06]
 [1.000e+06 1.000e+06 1.000e+06 1.000e+06]
 [1.000e+06 1.000e+06 1.000e+06 1.000e+06]
 [1.000e+06 1.000e+06 1.000e+06 1.000e+06]
 [1.000e+06 1.000e+06 1.000e+06 1.000e+06]
 [1.000e+06 1.000e+06 1.000e+06 1.000e+06]
 [8.360e+01 1.000e+06 1.000e+06 1.000e+06]
 [6.730e+01 1.000e+06 1.000e+06 1.000e+06]
 [5.940e+01 7.640e+01 1.000e+06 1.000e+06]
 [2.434e+02 1.756e+02 1.692e+02 1.628e+02]
 [2.504e+02 2.223e+02 3.163e+02 1.000e+06]
 [3.022e+02 2.823e+02 1.000e+06 1.000e+06]
 [1.000e+06 1.000e+06 1.000e+06 1.000e+06]
 [1.000e+06 1.000e+06 1.000e+06 1.000e+06]]
Interspike times (Prediction): [[1.000e+06 1.000e+06 1.000e+06 1.000e+06]
 [1.000e+06 1.000e+06 1.000e+06 1.000e+06]
 [1.000e+06 1.000e+06 1.000e+06 1.000e+06]
 [1.000e+06 1.000e+06 1.000e+06 1.000e+06]
 [1.000e+06 1.000e+06 1.000e+06 1.000e+06]
 [1.000e+06 1.000e+06 1.000e+06 1.000e+06]
 [1.000e+06 1.000e+06 1.000e+06 1.000e+06]
 [8.130e+01 1.000e+06 1.000e+06 1.000e+06]
 [6.490e+01 9.200e+01 1.000e+06 1.000e+06]
 [5.630e+01 6.870e+01 4.178e+02 1.000e+06]
 [2.997e+02 1.056e+02 1.061e+02 1.060e+02]
 [3.127e+02 9.640e+01 9.460e+01 9.480e+01]
 [3.085e+02 8.850e+01 8.410e+01 8.510e+01]
 [1.000e+06 1.000e+06 1.000e+06 1.000e+06]
 [1.000e+06 1.000e+06 1.000e+06 1.000e+06]]
MAE for each I injection: [0.0, 0.0, 0.0, 0.0, 0.0, 0.0, 0.0, 0.5750000000000028, 249977.6, 249898.25, 61.55000000000002, 250078.775, 500007.725, 0.0, 0.0]
Mean interspike-interval MAE: 83334.96500000001
Standard Deviation interspike-interval MAE: 149066.94525960775
MAE of final g prediction: 0.0004094373893117466
MAE of summary features for final prediction: 95642.68114912971
Smallest MAE values (gbar_nap, gmbar_im, Summary Stats MAE): 
[[1.72040559e-04 1.01923580e-03 3.77288524e+04]
 [1.72040559e-04 1.01923580e-03 3.77288574e+04]
 [1.72040559e-04 1.01923580e-03 3.77290906e+04]
 [1.72040559e-04 1.01923580e-03 3.89859321e+04]
 [1.72040559e-04 1.01923580e-03 3.89860212e+04]
 [1.72040559e-04 1.01923580e-03 3.89860338e+04]]
Smallest MAE values (gbar_nap, gbar_na3, Summary Stats MAE): 
[[1.72040559e-04 2.93338921e-02 3.77288524e+04]
 [1.72040559e-04 2.93338921e-02 3.77288574e+04]
 [1.72040559e-04 2.93338921e-02 3.77290906e+04]
 [1.72040559e-04 2.93338921e-02 3.89859321e+04]
 [1.72040559e-04 2.93338921e-02 3.89860212e+04]
 [1.72040559e-04 2.93338921e-02 3.89860338e+04]]
Smallest MAE values (gbar_nap, gkdrbar_kdr, Summary Stats MAE): 
[[1.72040559e-04 2.04678728e-03 3.77288524e+04]
 [1.72040559e-04 2.04678728e-03 3.77288574e+04]
 [1.72040559e-04 1.64470188e-03 3.77290906e+04]
 [1.72040559e-04 1.64470188e-03 3.89859321e+04]
 [1.72040559e-04 2.04678728e-03 3.89860212e+04]
 [1.72040559e-04 1.64470188e-03 3.89860338e+04]]
Smallest MAE values (gbar_nap, gcabar_cadyn, Summary Stats MAE): 
[[1.72040559e-04 4.68428327e-05 3.77288524e+04]
 [1.72040559e-04 4.68428327e-05 3.77288574e+04]
 [1.72040559e-04 4.68428327e-05 3.77290906e+04]
 [1.72040559e-04 4.68428327e-05 3.89859321e+04]
 [1.72040559e-04 4.68428327e-05 3.89860212e+04]
 [1.72040559e-04 4.68428327e-05 3.89860338e+04]]
Smallest MAE values (gbar_nap, gsAHPbar_sAHP, Summary Stats MAE): 
[[1.72040559e-04 1.23209793e-02 3.77288524e+04]
 [1.72040559e-04 1.23209793e-02 3.77288574e+04]
 [1.72040559e-04 1.23209793e-02 3.77290906e+04]
 [1.72040559e-04 1.23209793e-02 3.89859321e+04]
 [1.72040559e-04 1.23209793e-02 3.89860212e+04]
 [1.72040559e-04 1.23209793e-02 3.89860338e+04]]
Smallest MAE values (gbar_nap, gkabar_kap, Summary Stats MAE): 
[[1.72040559e-04 7.66079736e-04 3.77288524e+04]
 [1.72040559e-04 8.41516325e-04 3.77288574e+04]
 [1.72040559e-04 9.16952915e-04 3.77290906e+04]
 [1.72040559e-04 9.16952915e-04 3.89859321e+04]
 [1.72040559e-04 7.66079736e-04 3.89860212e+04]
 [1.72040559e-04 9.16952915e-04 3.89860338e+04]]
Smallest MAE values (gbar_nap, ghdbar_hd, Summary Stats MAE): 
[[1.72040559e-04 2.93401198e-05 3.77288524e+04]
 [1.72040559e-04 2.03912083e-05 3.77288574e+04]
 [1.72040559e-04 2.93401198e-05 3.77290906e+04]
 [1.72040559e-04 2.03912083e-05 3.89859321e+04]
 [1.72040559e-04 2.48656641e-05 3.89860212e+04]
 [1.72040559e-04 2.48656641e-05 3.89860338e+04]]
Smallest MAE values (gbar_nap, glbar_leak, Summary Stats MAE): 
[[1.72040559e-04 6.28688317e-05 3.77288524e+04]
 [1.72040559e-04 6.28688317e-05 3.77288574e+04]
 [1.72040559e-04 6.28688317e-05 3.77290906e+04]
 [1.72040559e-04 6.28688317e-05 3.89859321e+04]
 [1.72040559e-04 6.28688317e-05 3.89860212e+04]
 [1.72040559e-04 6.28688317e-05 3.89860338e+04]]
Smallest FI MAE values (gbar_nap, gmbar_im, FI MAE): 
[[9.09177031e-05 1.01923580e-03 4.66666667e+00]
 [9.09177031e-05 1.01923580e-03 4.66666667e+00]
 [9.09177031e-05 1.01923580e-03 4.66666667e+00]
 [9.09177031e-05 1.01923580e-03 4.66666667e+00]
 [9.09177031e-05 1.01923580e-03 4.75000000e+00]
 [9.09177031e-05 1.01923580e-03 4.83333333e+00]]
Smallest FI MAE values (gbar_nap, gbar_na3, FI MAE): 
[[9.09177031e-05 2.93338921e-02 4.66666667e+00]
 [9.09177031e-05 2.93338921e-02 4.66666667e+00]
 [9.09177031e-05 2.93338921e-02 4.66666667e+00]
 [9.09177031e-05 2.93338921e-02 4.66666667e+00]
 [9.09177031e-05 2.93338921e-02 4.75000000e+00]
 [9.09177031e-05 2.93338921e-02 4.83333333e+00]]
Smallest FI MAE values (gbar_nap, gkdrbar_kdr, FI MAE): 
[[9.09177031e-05 2.04678728e-03 4.66666667e+00]
 [9.09177031e-05 2.04678728e-03 4.66666667e+00]
 [9.09177031e-05 2.04678728e-03 4.66666667e+00]
 [9.09177031e-05 2.04678728e-03 4.66666667e+00]
 [9.09177031e-05 2.04678728e-03 4.75000000e+00]
 [9.09177031e-05 2.04678728e-03 4.83333333e+00]]
Smallest FI MAE values (gbar_nap, gcabar_cadyn, FI MAE): 
[[9.09177031e-05 6.17903369e-05 4.66666667e+00]
 [9.09177031e-05 6.17903369e-05 4.66666667e+00]
 [9.09177031e-05 6.17903369e-05 4.66666667e+00]
 [9.09177031e-05 6.17903369e-05 4.66666667e+00]
 [9.09177031e-05 6.17903369e-05 4.75000000e+00]
 [9.09177031e-05 6.17903369e-05 4.83333333e+00]]
Smallest FI MAE values (gbar_nap, gsAHPbar_sAHP, FI MAE): 
[[9.09177031e-05 1.23209793e-02 4.66666667e+00]
 [9.09177031e-05 1.23209793e-02 4.66666667e+00]
 [9.09177031e-05 1.23209793e-02 4.66666667e+00]
 [9.09177031e-05 1.23209793e-02 4.66666667e+00]
 [9.09177031e-05 1.23209793e-02 4.75000000e+00]
 [9.09177031e-05 1.23209793e-02 4.83333333e+00]]
Smallest FI MAE values (gbar_nap, gkabar_kap, FI MAE): 
[[9.09177031e-05 9.16952915e-04 4.66666667e+00]
 [9.09177031e-05 7.66079736e-04 4.66666667e+00]
 [9.09177031e-05 9.16952915e-04 4.66666667e+00]
 [9.09177031e-05 8.41516325e-04 4.66666667e+00]
 [9.09177031e-05 9.16952915e-04 4.75000000e+00]
 [9.09177031e-05 8.41516325e-04 4.83333333e+00]]
Smallest FI MAE values (gbar_nap, ghdbar_hd, FI MAE): 
[[9.09177031e-05 2.48656641e-05 4.66666667e+00]
 [9.09177031e-05 2.03912083e-05 4.66666667e+00]
 [9.09177031e-05 2.93401198e-05 4.66666667e+00]
 [9.09177031e-05 2.03912083e-05 4.66666667e+00]
 [9.09177031e-05 2.03912083e-05 4.75000000e+00]
 [9.09177031e-05 2.93401198e-05 4.83333333e+00]]
Smallest FI MAE values (gbar_nap, glbar_leak, FI MAE): 
[[9.09177031e-05 3.58470974e-05 4.66666667e+00]
 [9.09177031e-05 3.58470974e-05 4.66666667e+00]
 [9.09177031e-05 3.58470974e-05 4.66666667e+00]
 [9.09177031e-05 3.58470974e-05 4.66666667e+00]
 [9.09177031e-05 3.58470974e-05 4.75000000e+00]
 [9.09177031e-05 3.58470974e-05 4.83333333e+00]]
Smallest MAE values (gbar_na3, gkdrbar_kdr, V MAE): 
[[9.09177031e-05 1.01923580e-03 1.95090018e+00]
 [9.09177031e-05 1.01923580e-03 1.95983314e+00]
 [9.09177031e-05 1.01923580e-03 1.98822353e+00]
 [9.09177031e-05 1.01923580e-03 2.06906916e+00]
 [9.09177031e-05 1.01923580e-03 2.06979198e+00]
 [9.09177031e-05 1.01923580e-03 2.09993780e+00]]
Smallest MAE values (gbar_na3, gbar_nap, V MAE): 
[[9.09177031e-05 2.27860215e-02 1.95090018e+00]
 [9.09177031e-05 2.27860215e-02 1.95983314e+00]
 [9.09177031e-05 2.27860215e-02 1.98822353e+00]
 [9.09177031e-05 2.93338921e-02 2.06906916e+00]
 [9.09177031e-05 2.93338921e-02 2.06979198e+00]
 [9.09177031e-05 2.93338921e-02 2.09993780e+00]]
Smallest MAE values (gbar_na3, gmbar_im, V MAE): 
[[9.09177031e-05 1.64470188e-03 1.95090018e+00]
 [9.09177031e-05 1.24261649e-03 1.95983314e+00]
 [9.09177031e-05 2.04678728e-03 1.98822353e+00]
 [9.09177031e-05 2.04678728e-03 2.06906916e+00]
 [9.09177031e-05 1.64470188e-03 2.06979198e+00]
 [9.09177031e-05 1.24261649e-03 2.09993780e+00]]
Deleting Train Data: output/LAA_original_-50mV-3/46/module_final/train/
Start: Mon Mar 31 15:50:32 UTC 2025 
End:   Mon Mar 31 22:08:32 UTC 2025
Done running model at Mon Mar 31 22:08:32 UTC 2025
